Log started 03/22/2018 at 01:02:20
Preferred installation mode : win32
Trying to init installer in mode win32
Mode win32 successfully initialized
Preparing to Install
Preparing to Install
Creating directory C:\Users\user\Desktop\ti-cgt-c2000_15.12.7.LTS
Unpacking files
Directory already exists: C:\Users\user\Desktop\ti-cgt-c2000_15.12.7.LTS
Creating directory C:\Users\user\Desktop\ti-cgt-c2000_15.12.7.LTS\lib
Creating directory C:\Users\user\Desktop\ti-cgt-c2000_15.12.7.LTS\lib\src
Creating directory C:\Users\user\Desktop\ti-cgt-c2000_15.12.7.LTS\include
Creating directory C:\Users\user\Desktop\ti-cgt-c2000_15.12.7.LTS\bin
Creating directory C:\Users\user\Desktop\ti-cgt-c2000_15.12.7.LTS\man
Creating directory C:\Users\user\Desktop\ti-cgt-c2000_15.12.7.LTS\man\man1
Unpacking files
Unpacking C:\Users\user\Desktop\ti-cgt-c2000_15.12.7.LTS\Closed_defects.html
Unpacking C:\Users\user\Desktop\ti-cgt-c2000_15.12.7.LTS\C2000-CGT-15_15_12_0_LTS.json
Unpacking C:\Users\user\Desktop\ti-cgt-c2000_15.12.7.LTS\manifest.html
Unpacking C:\Users\user\Desktop\ti-cgt-c2000_15.12.7.LTS\README.txt
Unpacking C:\Users\user\Desktop\ti-cgt-c2000_15.12.7.LTS\C2000-CGT-15_15_12_2_LTS.json
Unpacking C:\Users\user\Desktop\ti-cgt-c2000_15.12.7.LTS\C2000-CGT-15_15_12_1_LTS.json
Unpacking C:\Users\user\Desktop\ti-cgt-c2000_15.12.7.LTS\Open_defects.html
Unpacking C:\Users\user\Desktop\ti-cgt-c2000_15.12.7.LTS\C2000-CGT-15_15_12_3_LTS.json
Unpacking C:\Users\user\Desktop\ti-cgt-c2000_15.12.7.LTS\C2000-CGT-15_15_12_5_LTS.json
Unpacking C:\Users\user\Desktop\ti-cgt-c2000_15.12.7.LTS\C2000-CGT-15_15_12_6_LTS.json
Unpacking C:\Users\user\Desktop\ti-cgt-c2000_15.12.7.LTS\C2000-CGT-15_15_12_4_LTS.json
Unpacking C:\Users\user\Desktop\ti-cgt-c2000_15.12.7.LTS\lib\rts2800_ml.lib
Unpacking C:\Users\user\Desktop\ti-cgt-c2000_15.12.7.LTS\lib\cpplnk.cmd
Unpacking C:\Users\user\Desktop\ti-cgt-c2000_15.12.7.LTS\lib\mklib.c
Unpacking C:\Users\user\Desktop\ti-cgt-c2000_15.12.7.LTS\lib\lnk.cmd
Unpacking C:\Users\user\Desktop\ti-cgt-c2000_15.12.7.LTS\lib\libc.a
Unpacking C:\Users\user\Desktop\ti-cgt-c2000_15.12.7.LTS\lib\rts2800_fpu32.lib
Unpacking C:\Users\user\Desktop\ti-cgt-c2000_15.12.7.LTS\lib\mklib
Unpacking C:\Users\user\Desktop\ti-cgt-c2000_15.12.7.LTS\lib\mklib.exe
Unpacking C:\Users\user\Desktop\ti-cgt-c2000_15.12.7.LTS\lib\src\streambuf
Unpacking C:\Users\user\Desktop\ti-cgt-c2000_15.12.7.LTS\lib\src\s_log1pf.c
Unpacking C:\Users\user\Desktop\ti-cgt-c2000_15.12.7.LTS\lib\src\hostgetenv.c
Unpacking C:\Users\user\Desktop\ti-cgt-c2000_15.12.7.LTS\lib\src\s__alloc.c
Unpacking C:\Users\user\Desktop\ti-cgt-c2000_15.12.7.LTS\lib\src\setjmp27.inc
Unpacking C:\Users\user\Desktop\ti-cgt-c2000_15.12.7.LTS\lib\src\fopen.c
Unpacking C:\Users\user\Desktop\ti-cgt-c2000_15.12.7.LTS\lib\src\fs_div27.inc
Unpacking C:\Users\user\Desktop\ti-cgt-c2000_15.12.7.LTS\lib\src\complex
Unpacking C:\Users\user\Desktop\ti-cgt-c2000_15.12.7.LTS\lib\src\s_p__set.h
Unpacking C:\Users\user\Desktop\ti-cgt-c2000_15.12.7.LTS\lib\src\ispunct.c
Unpacking C:\Users\user\Desktop\ti-cgt-c2000_15.12.7.LTS\lib\src\locale
Unpacking C:\Users\user\Desktop\ti-cgt-c2000_15.12.7.LTS\lib\src\s__rope.h
Unpacking C:\Users\user\Desktop\ti-cgt-c2000_15.12.7.LTS\lib\src\vector
Unpacking C:\Users\user\Desktop\ti-cgt-c2000_15.12.7.LTS\lib\src\tgmath.h
Unpacking C:\Users\user\Desktop\ti-cgt-c2000_15.12.7.LTS\lib\src\strtoull.c
Unpacking C:\Users\user\Desktop\ti-cgt-c2000_15.12.7.LTS\lib\src\s__monetary.h
Unpacking C:\Users\user\Desktop\ti-cgt-c2000_15.12.7.LTS\lib\src\boot28.inc
Unpacking C:\Users\user\Desktop\ti-cgt-c2000_15.12.7.LTS\lib\src\vla_alloc.cpp
Unpacking C:\Users\user\Desktop\ti-cgt-c2000_15.12.7.LTS\lib\src\isupper.c
Unpacking C:\Users\user\Desktop\ti-cgt-c2000_15.12.7.LTS\lib\src\s_ccosh.c
Unpacking C:\Users\user\Desktop\ti-cgt-c2000_15.12.7.LTS\lib\src\s__ios.c
Unpacking C:\Users\user\Desktop\ti-cgt-c2000_15.12.7.LTS\lib\src\strchr.c
Unpacking C:\Users\user\Desktop\ti-cgt-c2000_15.12.7.LTS\lib\src\snprintf.c
Unpacking C:\Users\user\Desktop\ti-cgt-c2000_15.12.7.LTS\lib\src\strtok.c
Unpacking C:\Users\user\Desktop\ti-cgt-c2000_15.12.7.LTS\lib\src\cargs.h
Unpacking C:\Users\user\Desktop\ti-cgt-c2000_15.12.7.LTS\lib\src\e_hypot.c
Unpacking C:\Users\user\Desktop\ti-cgt-c2000_15.12.7.LTS\lib\src\s_lround.c
Unpacking C:\Users\user\Desktop\ti-cgt-c2000_15.12.7.LTS\lib\src\atoi.c
Unpacking C:\Users\user\Desktop\ti-cgt-c2000_15.12.7.LTS\lib\src\strrchr.c
Unpacking C:\Users\user\Desktop\ti-cgt-c2000_15.12.7.LTS\lib\src\ul_lsr.asm
Unpacking C:\Users\user\Desktop\ti-cgt-c2000_15.12.7.LTS\lib\src\l_tofs.asm
Unpacking C:\Users\user\Desktop\ti-cgt-c2000_15.12.7.LTS\lib\src\s__relops_hash_cont.h
Unpacking C:\Users\user\Desktop\ti-cgt-c2000_15.12.7.LTS\lib\src\memchr.c
Unpacking C:\Users\user\Desktop\ti-cgt-c2000_15.12.7.LTS\lib\src\e_acoshf.c
Unpacking C:\Users\user\Desktop\ti-cgt-c2000_15.12.7.LTS\lib\src\toupper.c
Unpacking C:\Users\user\Desktop\ti-cgt-c2000_15.12.7.LTS\lib\src\ecvt.c
Unpacking C:\Users\user\Desktop\ti-cgt-c2000_15.12.7.LTS\lib\src\cla_memset.cla
Unpacking C:\Users\user\Desktop\ti-cgt-c2000_15.12.7.LTS\lib\src\strtoimax.c
Unpacking C:\Users\user\Desktop\ti-cgt-c2000_15.12.7.LTS\lib\src\fs_tofd28.inc
Unpacking C:\Users\user\Desktop\ti-cgt-c2000_15.12.7.LTS\lib\src\pprof_user.c
Unpacking C:\Users\user\Desktop\ti-cgt-c2000_15.12.7.LTS\lib\src\l_tofs28.inc
Unpacking C:\Users\user\Desktop\ti-cgt-c2000_15.12.7.LTS\lib\src\fs_tol28.inc
Unpacking C:\Users\user\Desktop\ti-cgt-c2000_15.12.7.LTS\lib\src\s_cprojl.c
Unpacking C:\Users\user\Desktop\ti-cgt-c2000_15.12.7.LTS\lib\src\strerror.c
Unpacking C:\Users\user\Desktop\ti-cgt-c2000_15.12.7.LTS\lib\src\toascii.c
Unpacking C:\Users\user\Desktop\ti-cgt-c2000_15.12.7.LTS\lib\src\ltoa.c
Unpacking C:\Users\user\Desktop\ti-cgt-c2000_15.12.7.LTS\lib\src\s__complex.c
Unpacking C:\Users\user\Desktop\ti-cgt-c2000_15.12.7.LTS\lib\src\cpy_tbl.c
Unpacking C:\Users\user\Desktop\ti-cgt-c2000_15.12.7.LTS\lib\src\unordered_map
Unpacking C:\Users\user\Desktop\ti-cgt-c2000_15.12.7.LTS\lib\src\e_log10.c
Unpacking C:\Users\user\Desktop\ti-cgt-c2000_15.12.7.LTS\lib\src\typeinfo
Unpacking C:\Users\user\Desktop\ti-cgt-c2000_15.12.7.LTS\lib\src\s_tgammaf.c
Unpacking C:\Users\user\Desktop\ti-cgt-c2000_15.12.7.LTS\lib\src\strcat.c
Unpacking C:\Users\user\Desktop\ti-cgt-c2000_15.12.7.LTS\lib\src\delnothrow.cpp
Unpacking C:\Users\user\Desktop\ti-cgt-c2000_15.12.7.LTS\lib\src\e_rem_pio2.c
Unpacking C:\Users\user\Desktop\ti-cgt-c2000_15.12.7.LTS\lib\src\cfloat
Unpacking C:\Users\user\Desktop\ti-cgt-c2000_15.12.7.LTS\lib\src\s__streambuf.h
Unpacking C:\Users\user\Desktop\ti-cgt-c2000_15.12.7.LTS\lib\src\wcscmp.c
Unpacking C:\Users\user\Desktop\ti-cgt-c2000_15.12.7.LTS\lib\src\array_new.cpp
Unpacking C:\Users\user\Desktop\ti-cgt-c2000_15.12.7.LTS\lib\src\s_fabsf.c
Unpacking C:\Users\user\Desktop\ti-cgt-c2000_15.12.7.LTS\lib\src\s_carg.c
Unpacking C:\Users\user\Desktop\ti-cgt-c2000_15.12.7.LTS\lib\src\prolog.asm
Unpacking C:\Users\user\Desktop\ti-cgt-c2000_15.12.7.LTS\lib\src\fd_toi28.inc
Unpacking C:\Users\user\Desktop\ti-cgt-c2000_15.12.7.LTS\lib\src\read.c
Unpacking C:\Users\user\Desktop\ti-cgt-c2000_15.12.7.LTS\lib\src\s__fstream.c
Unpacking C:\Users\user\Desktop\ti-cgt-c2000_15.12.7.LTS\lib\src\w_cabs.c
Unpacking C:\Users\user\Desktop\ti-cgt-c2000_15.12.7.LTS\lib\src\s__pair.h
Unpacking C:\Users\user\Desktop\ti-cgt-c2000_15.12.7.LTS\lib\src\s_c_host.h
Unpacking C:\Users\user\Desktop\ti-cgt-c2000_15.12.7.LTS\lib\src\k_log.h
Unpacking C:\Users\user\Desktop\ti-cgt-c2000_15.12.7.LTS\lib\src\s_cosf.c
Unpacking C:\Users\user\Desktop\ti-cgt-c2000_15.12.7.LTS\lib\src\bzero.c
Unpacking C:\Users\user\Desktop\ti-cgt-c2000_15.12.7.LTS\lib\src\s__hashtable.h
Unpacking C:\Users\user\Desktop\ti-cgt-c2000_15.12.7.LTS\lib\src\exit.c
Unpacking C:\Users\user\Desktop\ti-cgt-c2000_15.12.7.LTS\lib\src\s__string_hash.h
Unpacking C:\Users\user\Desktop\ti-cgt-c2000_15.12.7.LTS\lib\src\s_nexttowardf.c
Unpacking C:\Users\user\Desktop\ti-cgt-c2000_15.12.7.LTS\lib\src\slist
Unpacking C:\Users\user\Desktop\ti-cgt-c2000_15.12.7.LTS\lib\src\ti_fenv.c
Unpacking C:\Users\user\Desktop\ti-cgt-c2000_15.12.7.LTS\lib\src\_pthread.c
Unpacking C:\Users\user\Desktop\ti-cgt-c2000_15.12.7.LTS\lib\src\ungetc.c
Unpacking C:\Users\user\Desktop\ti-cgt-c2000_15.12.7.LTS\lib\src\localtim.c
Unpacking C:\Users\user\Desktop\ti-cgt-c2000_15.12.7.LTS\lib\src\pthread_alloc
Unpacking C:\Users\user\Desktop\ti-cgt-c2000_15.12.7.LTS\lib\src\w_cabsl.c
Unpacking C:\Users\user\Desktop\ti-cgt-c2000_15.12.7.LTS\lib\src\s_d__debug.h
Unpacking C:\Users\user\Desktop\ti-cgt-c2000_15.12.7.LTS\lib\src\fenv-softfloat.h
Unpacking C:\Users\user\Desktop\ti-cgt-c2000_15.12.7.LTS\lib\src\fs_mpy.asm
Unpacking C:\Users\user\Desktop\ti-cgt-c2000_15.12.7.LTS\lib\src\s__config_compat_post.h
Unpacking C:\Users\user\Desktop\ti-cgt-c2000_15.12.7.LTS\lib\src\fd_toul28.inc
Unpacking C:\Users\user\Desktop\ti-cgt-c2000_15.12.7.LTS\lib\src\c99_complex.c
Unpacking C:\Users\user\Desktop\ti-cgt-c2000_15.12.7.LTS\lib\src\atof.c
Unpacking C:\Users\user\Desktop\ti-cgt-c2000_15.12.7.LTS\lib\src\sprintf.c
Unpacking C:\Users\user\Desktop\ti-cgt-c2000_15.12.7.LTS\lib\src\fstream
Unpacking C:\Users\user\Desktop\ti-cgt-c2000_15.12.7.LTS\lib\src\aligned_buffer.h
Unpacking C:\Users\user\Desktop\ti-cgt-c2000_15.12.7.LTS\lib\src\new
Unpacking C:\Users\user\Desktop\ti-cgt-c2000_15.12.7.LTS\lib\src\s__list.h
Unpacking C:\Users\user\Desktop\ti-cgt-c2000_15.12.7.LTS\lib\src\fsetpos.c
Unpacking C:\Users\user\Desktop\ti-cgt-c2000_15.12.7.LTS\lib\src\s__stdexcept_base.h
Unpacking C:\Users\user\Desktop\ti-cgt-c2000_15.12.7.LTS\lib\src\s_c_features.h
Unpacking C:\Users\user\Desktop\ti-cgt-c2000_15.12.7.LTS\lib\src\open.c
Unpacking C:\Users\user\Desktop\ti-cgt-c2000_15.12.7.LTS\lib\src\s_cproj.c
Unpacking C:\Users\user\Desktop\ti-cgt-c2000_15.12.7.LTS\lib\src\s__string_sum_methods.h
Unpacking C:\Users\user\Desktop\ti-cgt-c2000_15.12.7.LTS\lib\src\file.h
Unpacking C:\Users\user\Desktop\ti-cgt-c2000_15.12.7.LTS\lib\src\ll_tofs.asm
Unpacking C:\Users\user\Desktop\ti-cgt-c2000_15.12.7.LTS\lib\src\fgetpos.c
Unpacking C:\Users\user\Desktop\ti-cgt-c2000_15.12.7.LTS\lib\src\u_tofd.asm
Unpacking C:\Users\user\Desktop\ti-cgt-c2000_15.12.7.LTS\lib\src\cstdio
Unpacking C:\Users\user\Desktop\ti-cgt-c2000_15.12.7.LTS\lib\src\_defs.h
Unpacking C:\Users\user\Desktop\ti-cgt-c2000_15.12.7.LTS\lib\src\s_erf.c
Unpacking C:\Users\user\Desktop\ti-cgt-c2000_15.12.7.LTS\lib\src\format.h
Unpacking C:\Users\user\Desktop\ti-cgt-c2000_15.12.7.LTS\lib\src\e_log10f.c
Unpacking C:\Users\user\Desktop\ti-cgt-c2000_15.12.7.LTS\lib\src\ciso646
Unpacking C:\Users\user\Desktop\ti-cgt-c2000_15.12.7.LTS\lib\src\printf.c
Unpacking C:\Users\user\Desktop\ti-cgt-c2000_15.12.7.LTS\lib\src\epilog28.inc
Unpacking C:\Users\user\Desktop\ti-cgt-c2000_15.12.7.LTS\lib\src\fgets.c
Unpacking C:\Users\user\Desktop\ti-cgt-c2000_15.12.7.LTS\lib\src\_isfuncdef.h
Unpacking C:\Users\user\Desktop\ti-cgt-c2000_15.12.7.LTS\lib\src\defines.h
Unpacking C:\Users\user\Desktop\ti-cgt-c2000_15.12.7.LTS\lib\src\s_cpowl.c
Unpacking C:\Users\user\Desktop\ti-cgt-c2000_15.12.7.LTS\lib\src\i_div.asm
Unpacking C:\Users\user\Desktop\ti-cgt-c2000_15.12.7.LTS\lib\src\IQxmpy28.inc
Unpacking C:\Users\user\Desktop\ti-cgt-c2000_15.12.7.LTS\lib\src\b_exp.c
Unpacking C:\Users\user\Desktop\ti-cgt-c2000_15.12.7.LTS\lib\src\trgcio.h
Unpacking C:\Users\user\Desktop\ti-cgt-c2000_15.12.7.LTS\lib\src\fd_cmp.asm
Unpacking C:\Users\user\Desktop\ti-cgt-c2000_15.12.7.LTS\lib\src\e_coshf.c
Unpacking C:\Users\user\Desktop\ti-cgt-c2000_15.12.7.LTS\lib\src\s__exception.h
Unpacking C:\Users\user\Desktop\ti-cgt-c2000_15.12.7.LTS\lib\src\s_cimag.c
Unpacking C:\Users\user\Desktop\ti-cgt-c2000_15.12.7.LTS\lib\src\bad_alloc.cpp
Unpacking C:\Users\user\Desktop\ti-cgt-c2000_15.12.7.LTS\lib\src\fd_add.asm
Unpacking C:\Users\user\Desktop\ti-cgt-c2000_15.12.7.LTS\lib\src\memccpy.c
Unpacking C:\Users\user\Desktop\ti-cgt-c2000_15.12.7.LTS\lib\src\s__string_npos.h
Unpacking C:\Users\user\Desktop\ti-cgt-c2000_15.12.7.LTS\lib\src\s__ios_base.h
Unpacking C:\Users\user\Desktop\ti-cgt-c2000_15.12.7.LTS\lib\src\i_div28.inc
Unpacking C:\Users\user\Desktop\ti-cgt-c2000_15.12.7.LTS\lib\src\eh.h
Unpacking C:\Users\user\Desktop\ti-cgt-c2000_15.12.7.LTS\lib\src\rename.c
Unpacking C:\Users\user\Desktop\ti-cgt-c2000_15.12.7.LTS\lib\src\s__stdexcept.h
Unpacking C:\Users\user\Desktop\ti-cgt-c2000_15.12.7.LTS\lib\src\s_remquof.c
Unpacking C:\Users\user\Desktop\ti-cgt-c2000_15.12.7.LTS\lib\src\s_llroundf.c
Unpacking C:\Users\user\Desktop\ti-cgt-c2000_15.12.7.LTS\lib\src\stdbool.h
Unpacking C:\Users\user\Desktop\ti-cgt-c2000_15.12.7.LTS\lib\src\ll_cmp28.inc
Unpacking C:\Users\user\Desktop\ti-cgt-c2000_15.12.7.LTS\lib\src\s_truncf.c
Unpacking C:\Users\user\Desktop\ti-cgt-c2000_15.12.7.LTS\lib\src\fs_tou28.inc
Unpacking C:\Users\user\Desktop\ti-cgt-c2000_15.12.7.LTS\lib\src\prolog28.inc
Unpacking C:\Users\user\Desktop\ti-cgt-c2000_15.12.7.LTS\lib\src\stdio_streambuf.cpp
Unpacking C:\Users\user\Desktop\ti-cgt-c2000_15.12.7.LTS\lib\src\cla_remi.cla
Unpacking C:\Users\user\Desktop\ti-cgt-c2000_15.12.7.LTS\lib\src\fd_cmp28.inc
Unpacking C:\Users\user\Desktop\ti-cgt-c2000_15.12.7.LTS\lib\src\s_fmaf.c
Unpacking C:\Users\user\Desktop\ti-cgt-c2000_15.12.7.LTS\lib\src\fd_div.asm
Unpacking C:\Users\user\Desktop\ti-cgt-c2000_15.12.7.LTS\lib\src\sscanf.c
Unpacking C:\Users\user\Desktop\ti-cgt-c2000_15.12.7.LTS\lib\src\fs_toull28.inc
Unpacking C:\Users\user\Desktop\ti-cgt-c2000_15.12.7.LTS\lib\src\s__iterator.h
Unpacking C:\Users\user\Desktop\ti-cgt-c2000_15.12.7.LTS\lib\src\l_lsr.asm
Unpacking C:\Users\user\Desktop\ti-cgt-c2000_15.12.7.LTS\lib\src\fs_tou.asm
Unpacking C:\Users\user\Desktop\ti-cgt-c2000_15.12.7.LTS\lib\src\l_div27.inc
Unpacking C:\Users\user\Desktop\ti-cgt-c2000_15.12.7.LTS\lib\src\fs_tou27.inc
Unpacking C:\Users\user\Desktop\ti-cgt-c2000_15.12.7.LTS\lib\src\cla_remu.cla
Unpacking C:\Users\user\Desktop\ti-cgt-c2000_15.12.7.LTS\lib\src\e_asin.c
Unpacking C:\Users\user\Desktop\ti-cgt-c2000_15.12.7.LTS\lib\src\s_cexp.c
Unpacking C:\Users\user\Desktop\ti-cgt-c2000_15.12.7.LTS\lib\src\fs_tollfpu32.inc
Unpacking C:\Users\user\Desktop\ti-cgt-c2000_15.12.7.LTS\lib\src\e_atanh.c
Unpacking C:\Users\user\Desktop\ti-cgt-c2000_15.12.7.LTS\lib\src\fd_tou28.inc
Unpacking C:\Users\user\Desktop\ti-cgt-c2000_15.12.7.LTS\lib\src\time.c
Unpacking C:\Users\user\Desktop\ti-cgt-c2000_15.12.7.LTS\lib\src\s__threads.h
Unpacking C:\Users\user\Desktop\ti-cgt-c2000_15.12.7.LTS\lib\src\s__unordered_set.h
Unpacking C:\Users\user\Desktop\ti-cgt-c2000_15.12.7.LTS\lib\src\s_exp2f.c
Unpacking C:\Users\user\Desktop\ti-cgt-c2000_15.12.7.LTS\lib\src\basics.h
Unpacking C:\Users\user\Desktop\ti-cgt-c2000_15.12.7.LTS\lib\src\fputs.c
Unpacking C:\Users\user\Desktop\ti-cgt-c2000_15.12.7.LTS\lib\src\s__slist_base.h
Unpacking C:\Users\user\Desktop\ti-cgt-c2000_15.12.7.LTS\lib\src\s_creall.c
Unpacking C:\Users\user\Desktop\ti-cgt-c2000_15.12.7.LTS\lib\src\s_llrint.c
Unpacking C:\Users\user\Desktop\ti-cgt-c2000_15.12.7.LTS\lib\src\s__raw_storage_iter.h
Unpacking C:\Users\user\Desktop\ti-cgt-c2000_15.12.7.LTS\lib\src\k_cos.c
Unpacking C:\Users\user\Desktop\ti-cgt-c2000_15.12.7.LTS\lib\src\map
Unpacking C:\Users\user\Desktop\ti-cgt-c2000_15.12.7.LTS\lib\src\ftell.c
Unpacking C:\Users\user\Desktop\ti-cgt-c2000_15.12.7.LTS\lib\src\isalnum.c
Unpacking C:\Users\user\Desktop\ti-cgt-c2000_15.12.7.LTS\lib\src\_dtor_list.h
Unpacking C:\Users\user\Desktop\ti-cgt-c2000_15.12.7.LTS\lib\src\error.h
Unpacking C:\Users\user\Desktop\ti-cgt-c2000_15.12.7.LTS\lib\src\iostream
Unpacking C:\Users\user\Desktop\ti-cgt-c2000_15.12.7.LTS\lib\src\s__iosfwd.h
Unpacking C:\Users\user\Desktop\ti-cgt-c2000_15.12.7.LTS\lib\src\s__function_adaptors.h
Unpacking C:\Users\user\Desktop\ti-cgt-c2000_15.12.7.LTS\lib\src\s__strstream.h
Unpacking C:\Users\user\Desktop\ti-cgt-c2000_15.12.7.LTS\lib\src\s_clog.c
Unpacking C:\Users\user\Desktop\ti-cgt-c2000_15.12.7.LTS\lib\src\fd_tol28.inc
Unpacking C:\Users\user\Desktop\ti-cgt-c2000_15.12.7.LTS\lib\src\s__ctime.h
Unpacking C:\Users\user\Desktop\ti-cgt-c2000_15.12.7.LTS\lib\src\cxxabi.h
Unpacking C:\Users\user\Desktop\ti-cgt-c2000_15.12.7.LTS\lib\src\codecvt.cpp
Unpacking C:\Users\user\Desktop\ti-cgt-c2000_15.12.7.LTS\lib\src\iostream.cpp
Unpacking C:\Users\user\Desktop\ti-cgt-c2000_15.12.7.LTS\lib\src\time64.c
Unpacking C:\Users\user\Desktop\ti-cgt-c2000_15.12.7.LTS\lib\src\delete.cpp
Unpacking C:\Users\user\Desktop\ti-cgt-c2000_15.12.7.LTS\lib\src\l_div.asm
Unpacking C:\Users\user\Desktop\ti-cgt-c2000_15.12.7.LTS\lib\src\e_atan2.c
Unpacking C:\Users\user\Desktop\ti-cgt-c2000_15.12.7.LTS\lib\src\ul_tofs28.inc
Unpacking C:\Users\user\Desktop\ti-cgt-c2000_15.12.7.LTS\lib\src\fenv.h
Unpacking C:\Users\user\Desktop\ti-cgt-c2000_15.12.7.LTS\lib\src\difftime64.c
Unpacking C:\Users\user\Desktop\ti-cgt-c2000_15.12.7.LTS\lib\src\i_tofs27.inc
Unpacking C:\Users\user\Desktop\ti-cgt-c2000_15.12.7.LTS\lib\src\multibyte.c
Unpacking C:\Users\user\Desktop\ti-cgt-c2000_15.12.7.LTS\lib\src\l_tofs27.inc
Unpacking C:\Users\user\Desktop\ti-cgt-c2000_15.12.7.LTS\lib\src\_stdio_file.h
Unpacking C:\Users\user\Desktop\ti-cgt-c2000_15.12.7.LTS\lib\src\_data_synch.c
Unpacking C:\Users\user\Desktop\ti-cgt-c2000_15.12.7.LTS\lib\src\s__tree.c
Unpacking C:\Users\user\Desktop\ti-cgt-c2000_15.12.7.LTS\lib\src\s__cwctype.h
Unpacking C:\Users\user\Desktop\ti-cgt-c2000_15.12.7.LTS\lib\src\fs_cmp27.inc
Unpacking C:\Users\user\Desktop\ti-cgt-c2000_15.12.7.LTS\lib\src\lldiv.c
Unpacking C:\Users\user\Desktop\ti-cgt-c2000_15.12.7.LTS\lib\src\perror.c
Unpacking C:\Users\user\Desktop\ti-cgt-c2000_15.12.7.LTS\lib\src\placedel.cpp
Unpacking C:\Users\user\Desktop\ti-cgt-c2000_15.12.7.LTS\lib\src\s__cmath.h
Unpacking C:\Users\user\Desktop\ti-cgt-c2000_15.12.7.LTS\lib\src\setjmp28.inc
Unpacking C:\Users\user\Desktop\ti-cgt-c2000_15.12.7.LTS\lib\src\numpunct.cpp
Unpacking C:\Users\user\Desktop\ti-cgt-c2000_15.12.7.LTS\lib\src\facets_byname.cpp
Unpacking C:\Users\user\Desktop\ti-cgt-c2000_15.12.7.LTS\lib\src\cla_divu.cla
Unpacking C:\Users\user\Desktop\ti-cgt-c2000_15.12.7.LTS\lib\src\stddef.h
Unpacking C:\Users\user\Desktop\ti-cgt-c2000_15.12.7.LTS\lib\src\wchar.h
Unpacking C:\Users\user\Desktop\ti-cgt-c2000_15.12.7.LTS\lib\src\vtbl.h
Unpacking C:\Users\user\Desktop\ti-cgt-c2000_15.12.7.LTS\lib\src\s__hashtable.c
Unpacking C:\Users\user\Desktop\ti-cgt-c2000_15.12.7.LTS\lib\src\fd_tol.asm
Unpacking C:\Users\user\Desktop\ti-cgt-c2000_15.12.7.LTS\lib\src\s_cimagf.c
Unpacking C:\Users\user\Desktop\ti-cgt-c2000_15.12.7.LTS\lib\src\cerrno
Unpacking C:\Users\user\Desktop\ti-cgt-c2000_15.12.7.LTS\lib\src\strxfrm.c
Unpacking C:\Users\user\Desktop\ti-cgt-c2000_15.12.7.LTS\lib\src\s__deque.h
Unpacking C:\Users\user\Desktop\ti-cgt-c2000_15.12.7.LTS\lib\src\time.h
Unpacking C:\Users\user\Desktop\ti-cgt-c2000_15.12.7.LTS\lib\src\bcopy.c
Unpacking C:\Users\user\Desktop\ti-cgt-c2000_15.12.7.LTS\lib\src\vla_alloc.h
Unpacking C:\Users\user\Desktop\ti-cgt-c2000_15.12.7.LTS\lib\src\s_atanf.c
Unpacking C:\Users\user\Desktop\ti-cgt-c2000_15.12.7.LTS\lib\src\_mutex.c
Unpacking C:\Users\user\Desktop\ti-cgt-c2000_15.12.7.LTS\lib\src\fs_tofd.asm
Unpacking C:\Users\user\Desktop\ti-cgt-c2000_15.12.7.LTS\lib\src\trgmsg.c
Unpacking C:\Users\user\Desktop\ti-cgt-c2000_15.12.7.LTS\lib\src\ldiv.c
Unpacking C:\Users\user\Desktop\ti-cgt-c2000_15.12.7.LTS\lib\src\startup.c
Unpacking C:\Users\user\Desktop\ti-cgt-c2000_15.12.7.LTS\lib\src\strcoll.c
Unpacking C:\Users\user\Desktop\ti-cgt-c2000_15.12.7.LTS\lib\src\signal.h
Unpacking C:\Users\user\Desktop\ti-cgt-c2000_15.12.7.LTS\lib\src\s__num_get.h
Unpacking C:\Users\user\Desktop\ti-cgt-c2000_15.12.7.LTS\lib\src\s_csqrt.c
Unpacking C:\Users\user\Desktop\ti-cgt-c2000_15.12.7.LTS\lib\src\wchar.c
Unpacking C:\Users\user\Desktop\ti-cgt-c2000_15.12.7.LTS\lib\src\complex.cpp
Unpacking C:\Users\user\Desktop\ti-cgt-c2000_15.12.7.LTS\lib\src\mktime.c
Unpacking C:\Users\user\Desktop\ti-cgt-c2000_15.12.7.LTS\lib\src\islower.c
Unpacking C:\Users\user\Desktop\ti-cgt-c2000_15.12.7.LTS\lib\src\float.h
Unpacking C:\Users\user\Desktop\ti-cgt-c2000_15.12.7.LTS\lib\src\s__ctraits_fns.h
Unpacking C:\Users\user\Desktop\ti-cgt-c2000_15.12.7.LTS\lib\src\s_log1p.c
Unpacking C:\Users\user\Desktop\ti-cgt-c2000_15.12.7.LTS\lib\src\algorithm
Unpacking C:\Users\user\Desktop\ti-cgt-c2000_15.12.7.LTS\lib\src\k_sin.c
Unpacking C:\Users\user\Desktop\ti-cgt-c2000_15.12.7.LTS\lib\src\e_lgammaf.c
Unpacking C:\Users\user\Desktop\ti-cgt-c2000_15.12.7.LTS\lib\src\memcpy.c
Unpacking C:\Users\user\Desktop\ti-cgt-c2000_15.12.7.LTS\lib\src\s_lrint.c
Unpacking C:\Users\user\Desktop\ti-cgt-c2000_15.12.7.LTS\lib\src\boot.asm
Unpacking C:\Users\user\Desktop\ti-cgt-c2000_15.12.7.LTS\lib\src\setjmp.asm
Unpacking C:\Users\user\Desktop\ti-cgt-c2000_15.12.7.LTS\lib\src\utility
Unpacking C:\Users\user\Desktop\ti-cgt-c2000_15.12.7.LTS\lib\src\exception
Unpacking C:\Users\user\Desktop\ti-cgt-c2000_15.12.7.LTS\lib\src\tmpnam.c
Unpacking C:\Users\user\Desktop\ti-cgt-c2000_15.12.7.LTS\lib\src\wmemset.c
Unpacking C:\Users\user\Desktop\ti-cgt-c2000_15.12.7.LTS\lib\src\linkage.h
Unpacking C:\Users\user\Desktop\ti-cgt-c2000_15.12.7.LTS\lib\src\ll_cmp.asm
Unpacking C:\Users\user\Desktop\ti-cgt-c2000_15.12.7.LTS\lib\src\ul_lsr27.inc
Unpacking C:\Users\user\Desktop\ti-cgt-c2000_15.12.7.LTS\lib\src\s_p__list.h
Unpacking C:\Users\user\Desktop\ti-cgt-c2000_15.12.7.LTS\lib\src\hash_map
Unpacking C:\Users\user\Desktop\ti-cgt-c2000_15.12.7.LTS\lib\src\fwrite.c
Unpacking C:\Users\user\Desktop\ti-cgt-c2000_15.12.7.LTS\lib\src\fflush.c
Unpacking C:\Users\user\Desktop\ti-cgt-c2000_15.12.7.LTS\lib\src\strcspn.c
Unpacking C:\Users\user\Desktop\ti-cgt-c2000_15.12.7.LTS\lib\src\iosfwd
Unpacking C:\Users\user\Desktop\ti-cgt-c2000_15.12.7.LTS\lib\src\add_device.c
Unpacking C:\Users\user\Desktop\ti-cgt-c2000_15.12.7.LTS\lib\src\s__slist.c
Unpacking C:\Users\user\Desktop\ti-cgt-c2000_15.12.7.LTS\lib\src\hosttime.c
Unpacking C:\Users\user\Desktop\ti-cgt-c2000_15.12.7.LTS\lib\src\isxdigit.c
Unpacking C:\Users\user\Desktop\ti-cgt-c2000_15.12.7.LTS\lib\src\e_sqrtf.c
Unpacking C:\Users\user\Desktop\ti-cgt-c2000_15.12.7.LTS\lib\src\strncpy.c
Unpacking C:\Users\user\Desktop\ti-cgt-c2000_15.12.7.LTS\lib\src\s_char_traits.h
Unpacking C:\Users\user\Desktop\ti-cgt-c2000_15.12.7.LTS\lib\src\feof.c
Unpacking C:\Users\user\Desktop\ti-cgt-c2000_15.12.7.LTS\lib\src\typeinfo_.cpp
Unpacking C:\Users\user\Desktop\ti-cgt-c2000_15.12.7.LTS\lib\src\s_concept_checks.h
Unpacking C:\Users\user\Desktop\ti-cgt-c2000_15.12.7.LTS\lib\src\s__map.h
Unpacking C:\Users\user\Desktop\ti-cgt-c2000_15.12.7.LTS\lib\src\complex_io.cpp
Unpacking C:\Users\user\Desktop\ti-cgt-c2000_15.12.7.LTS\lib\src\k_tan.c
Unpacking C:\Users\user\Desktop\ti-cgt-c2000_15.12.7.LTS\lib\src\pprof.h
Unpacking C:\Users\user\Desktop\ti-cgt-c2000_15.12.7.LTS\lib\src\fputc.c
Unpacking C:\Users\user\Desktop\ti-cgt-c2000_15.12.7.LTS\lib\src\_scanfi_nf.c
Unpacking C:\Users\user\Desktop\ti-cgt-c2000_15.12.7.LTS\lib\src\strtol.c
Unpacking C:\Users\user\Desktop\ti-cgt-c2000_15.12.7.LTS\lib\src\_scanfi.c
Unpacking C:\Users\user\Desktop\ti-cgt-c2000_15.12.7.LTS\lib\src\e_log.c
Unpacking C:\Users\user\Desktop\ti-cgt-c2000_15.12.7.LTS\lib\src\array_del.cpp
Unpacking C:\Users\user\Desktop\ti-cgt-c2000_15.12.7.LTS\lib\src\ull_tofs.asm
Unpacking C:\Users\user\Desktop\ti-cgt-c2000_15.12.7.LTS\lib\src\s__cctype.h
Unpacking C:\Users\user\Desktop\ti-cgt-c2000_15.12.7.LTS\lib\src\s_fabs.c
Unpacking C:\Users\user\Desktop\ti-cgt-c2000_15.12.7.LTS\lib\src\s_expm1f.c
Unpacking C:\Users\user\Desktop\ti-cgt-c2000_15.12.7.LTS\lib\src\s__iterator_base.h
Unpacking C:\Users\user\Desktop\ti-cgt-c2000_15.12.7.LTS\lib\src\catrigf.c
Unpacking C:\Users\user\Desktop\ti-cgt-c2000_15.12.7.LTS\lib\src\s_roundf.c
Unpacking C:\Users\user\Desktop\ti-cgt-c2000_15.12.7.LTS\lib\src\l_lsr27.inc
Unpacking C:\Users\user\Desktop\ti-cgt-c2000_15.12.7.LTS\lib\src\wcsncmp.c
Unpacking C:\Users\user\Desktop\ti-cgt-c2000_15.12.7.LTS\lib\src\strtoumax.c
Unpacking C:\Users\user\Desktop\ti-cgt-c2000_15.12.7.LTS\lib\src\ull_tofd.asm
Unpacking C:\Users\user\Desktop\ti-cgt-c2000_15.12.7.LTS\lib\src\placenew.cpp
Unpacking C:\Users\user\Desktop\ti-cgt-c2000_15.12.7.LTS\lib\src\s__algo.h
Unpacking C:\Users\user\Desktop\ti-cgt-c2000_15.12.7.LTS\lib\src\hash_set
Unpacking C:\Users\user\Desktop\ti-cgt-c2000_15.12.7.LTS\lib\src\stlport_prefix.h
Unpacking C:\Users\user\Desktop\ti-cgt-c2000_15.12.7.LTS\lib\src\fenv.c
Unpacking C:\Users\user\Desktop\ti-cgt-c2000_15.12.7.LTS\lib\src\s_trunc.c
Unpacking C:\Users\user\Desktop\ti-cgt-c2000_15.12.7.LTS\lib\src\fd_div28.inc
Unpacking C:\Users\user\Desktop\ti-cgt-c2000_15.12.7.LTS\lib\src\l_mpy.asm
Unpacking C:\Users\user\Desktop\ti-cgt-c2000_15.12.7.LTS\lib\src\s_csqrtf.c
Unpacking C:\Users\user\Desktop\ti-cgt-c2000_15.12.7.LTS\lib\src\s_llrintl.c
Unpacking C:\Users\user\Desktop\ti-cgt-c2000_15.12.7.LTS\lib\src\string.h
Unpacking C:\Users\user\Desktop\ti-cgt-c2000_15.12.7.LTS\lib\src\fprintf.c
Unpacking C:\Users\user\Desktop\ti-cgt-c2000_15.12.7.LTS\lib\src\e_rem_pio2f.c
Unpacking C:\Users\user\Desktop\ti-cgt-c2000_15.12.7.LTS\lib\src\s__heap.c
Unpacking C:\Users\user\Desktop\ti-cgt-c2000_15.12.7.LTS\lib\src\u_tofd28.inc
Unpacking C:\Users\user\Desktop\ti-cgt-c2000_15.12.7.LTS\lib\src\e_remainder.c
Unpacking C:\Users\user\Desktop\ti-cgt-c2000_15.12.7.LTS\lib\src\s_crealf.c
Unpacking C:\Users\user\Desktop\ti-cgt-c2000_15.12.7.LTS\lib\src\fclose.c
Unpacking C:\Users\user\Desktop\ti-cgt-c2000_15.12.7.LTS\lib\src\t_fstream_stdio.c
Unpacking C:\Users\user\Desktop\ti-cgt-c2000_15.12.7.LTS\lib\src\index.c
Unpacking C:\Users\user\Desktop\ti-cgt-c2000_15.12.7.LTS\lib\src\cwchar
Unpacking C:\Users\user\Desktop\ti-cgt-c2000_15.12.7.LTS\lib\src\s_llrintf.c
Unpacking C:\Users\user\Desktop\ti-cgt-c2000_15.12.7.LTS\lib\src\ll_tofsfpu32.inc
Unpacking C:\Users\user\Desktop\ti-cgt-c2000_15.12.7.LTS\lib\src\s_frexpf.c
Unpacking C:\Users\user\Desktop\ti-cgt-c2000_15.12.7.LTS\lib\src\s__codecvt.h
Unpacking C:\Users\user\Desktop\ti-cgt-c2000_15.12.7.LTS\lib\src\ll_aox28.inc
Unpacking C:\Users\user\Desktop\ti-cgt-c2000_15.12.7.LTS\lib\src\inttypes.h
Unpacking C:\Users\user\Desktop\ti-cgt-c2000_15.12.7.LTS\lib\src\strings.h
Unpacking C:\Users\user\Desktop\ti-cgt-c2000_15.12.7.LTS\lib\src\csignal
Unpacking C:\Users\user\Desktop\ti-cgt-c2000_15.12.7.LTS\lib\src\s__limits.h
Unpacking C:\Users\user\Desktop\ti-cgt-c2000_15.12.7.LTS\lib\src\s_creal.c
Unpacking C:\Users\user\Desktop\ti-cgt-c2000_15.12.7.LTS\lib\src\s_cbrtf.c
Unpacking C:\Users\user\Desktop\ti-cgt-c2000_15.12.7.LTS\lib\src\e_acosf.c
Unpacking C:\Users\user\Desktop\ti-cgt-c2000_15.12.7.LTS\lib\src\s__unordered_map.h
Unpacking C:\Users\user\Desktop\ti-cgt-c2000_15.12.7.LTS\lib\src\errno.c
Unpacking C:\Users\user\Desktop\ti-cgt-c2000_15.12.7.LTS\lib\src\fread.c
Unpacking C:\Users\user\Desktop\ti-cgt-c2000_15.12.7.LTS\lib\src\fs_tofdfpu32.inc
Unpacking C:\Users\user\Desktop\ti-cgt-c2000_15.12.7.LTS\lib\src\runtime.h
Unpacking C:\Users\user\Desktop\ti-cgt-c2000_15.12.7.LTS\lib\src\s__numpunct.h
Unpacking C:\Users\user\Desktop\ti-cgt-c2000_15.12.7.LTS\lib\src\unlink.c
Unpacking C:\Users\user\Desktop\ti-cgt-c2000_15.12.7.LTS\lib\src\ffs.c
Unpacking C:\Users\user\Desktop\ti-cgt-c2000_15.12.7.LTS\lib\src\s_lroundf.c
Unpacking C:\Users\user\Desktop\ti-cgt-c2000_15.12.7.LTS\lib\src\isspace.c
Unpacking C:\Users\user\Desktop\ti-cgt-c2000_15.12.7.LTS\lib\src\bcmp.c
Unpacking C:\Users\user\Desktop\ti-cgt-c2000_15.12.7.LTS\lib\src\s__num_put.c
Unpacking C:\Users\user\Desktop\ti-cgt-c2000_15.12.7.LTS\lib\src\setjmpfpu32.inc
Unpacking C:\Users\user\Desktop\ti-cgt-c2000_15.12.7.LTS\lib\src\fd_neg28.inc
Unpacking C:\Users\user\Desktop\ti-cgt-c2000_15.12.7.LTS\lib\src\strtod.c
Unpacking C:\Users\user\Desktop\ti-cgt-c2000_15.12.7.LTS\lib\src\sinit.c
Unpacking C:\Users\user\Desktop\ti-cgt-c2000_15.12.7.LTS\lib\src\s_c_compat.h
Unpacking C:\Users\user\Desktop\ti-cgt-c2000_15.12.7.LTS\lib\src\cwctype
Unpacking C:\Users\user\Desktop\ti-cgt-c2000_15.12.7.LTS\lib\src\s_scalbn.c
Unpacking C:\Users\user\Desktop\ti-cgt-c2000_15.12.7.LTS\lib\src\ctype.h
Unpacking C:\Users\user\Desktop\ti-cgt-c2000_15.12.7.LTS\lib\src\s__stlport_version.h
Unpacking C:\Users\user\Desktop\ti-cgt-c2000_15.12.7.LTS\lib\src\s_llround.c
Unpacking C:\Users\user\Desktop\ti-cgt-c2000_15.12.7.LTS\lib\src\s_frexp.c
Unpacking C:\Users\user\Desktop\ti-cgt-c2000_15.12.7.LTS\lib\src\tolower.c
Unpacking C:\Users\user\Desktop\ti-cgt-c2000_15.12.7.LTS\lib\src\s__uninitialized.h
Unpacking C:\Users\user\Desktop\ti-cgt-c2000_15.12.7.LTS\lib\src\stdlib.h
Unpacking C:\Users\user\Desktop\ti-cgt-c2000_15.12.7.LTS\lib\src\rtti.cpp
Unpacking C:\Users\user\Desktop\ti-cgt-c2000_15.12.7.LTS\lib\src\strtold.c
Unpacking C:\Users\user\Desktop\ti-cgt-c2000_15.12.7.LTS\lib\src\s_lrintf.c
Unpacking C:\Users\user\Desktop\ti-cgt-c2000_15.12.7.LTS\lib\src\s_asinhf.c
Unpacking C:\Users\user\Desktop\ti-cgt-c2000_15.12.7.LTS\lib\src\s_c_stl_confix.h
Unpacking C:\Users\user\Desktop\ti-cgt-c2000_15.12.7.LTS\lib\src\s__move_construct_fwk.h
Unpacking C:\Users\user\Desktop\ti-cgt-c2000_15.12.7.LTS\lib\src\s__time_facets.h
Unpacking C:\Users\user\Desktop\ti-cgt-c2000_15.12.7.LTS\lib\src\hostunlink.c
Unpacking C:\Users\user\Desktop\ti-cgt-c2000_15.12.7.LTS\lib\src\fd_toull28.inc
Unpacking C:\Users\user\Desktop\ti-cgt-c2000_15.12.7.LTS\lib\src\e_typeinfo
Unpacking C:\Users\user\Desktop\ti-cgt-c2000_15.12.7.LTS\lib\src\_lock.c
Unpacking C:\Users\user\Desktop\ti-cgt-c2000_15.12.7.LTS\lib\src\labs.c
Unpacking C:\Users\user\Desktop\ti-cgt-c2000_15.12.7.LTS\lib\src\wcslen.c
Unpacking C:\Users\user\Desktop\ti-cgt-c2000_15.12.7.LTS\lib\src\s_expm1.c
Unpacking C:\Users\user\Desktop\ti-cgt-c2000_15.12.7.LTS\lib\src\e_cosh.c
Unpacking C:\Users\user\Desktop\ti-cgt-c2000_15.12.7.LTS\lib\src\localtim64.c
Unpacking C:\Users\user\Desktop\ti-cgt-c2000_15.12.7.LTS\lib\src\climits
Unpacking C:\Users\user\Desktop\ti-cgt-c2000_15.12.7.LTS\lib\src\cstdlib
Unpacking C:\Users\user\Desktop\ti-cgt-c2000_15.12.7.LTS\lib\src\s__cstdio.h
Unpacking C:\Users\user\Desktop\ti-cgt-c2000_15.12.7.LTS\lib\src\wctype.h
Unpacking C:\Users\user\Desktop\ti-cgt-c2000_15.12.7.LTS\lib\src\atol.c
Unpacking C:\Users\user\Desktop\ti-cgt-c2000_15.12.7.LTS\lib\src\strcmp.c
Unpacking C:\Users\user\Desktop\ti-cgt-c2000_15.12.7.LTS\lib\src\b_tgamma.c
Unpacking C:\Users\user\Desktop\ti-cgt-c2000_15.12.7.LTS\lib\src\fstream.cpp
Unpacking C:\Users\user\Desktop\ti-cgt-c2000_15.12.7.LTS\lib\src\set
Unpacking C:\Users\user\Desktop\ti-cgt-c2000_15.12.7.LTS\lib\src\s_modff.c
Unpacking C:\Users\user\Desktop\ti-cgt-c2000_15.12.7.LTS\lib\src\gmtime.c
Unpacking C:\Users\user\Desktop\ti-cgt-c2000_15.12.7.LTS\lib\src\fd_sub.asm
Unpacking C:\Users\user\Desktop\ti-cgt-c2000_15.12.7.LTS\lib\src\ll_tofd28.inc
Unpacking C:\Users\user\Desktop\ti-cgt-c2000_15.12.7.LTS\lib\src\ll_mpy.asm
Unpacking C:\Users\user\Desktop\ti-cgt-c2000_15.12.7.LTS\lib\src\s_copysign.c
Unpacking C:\Users\user\Desktop\ti-cgt-c2000_15.12.7.LTS\lib\src\_pthread.h
Unpacking C:\Users\user\Desktop\ti-cgt-c2000_15.12.7.LTS\lib\src\ll_mpy28.inc
Unpacking C:\Users\user\Desktop\ti-cgt-c2000_15.12.7.LTS\lib\src\s__sstream.h
Unpacking C:\Users\user\Desktop\ti-cgt-c2000_15.12.7.LTS\lib\src\time_facets.cpp
Unpacking C:\Users\user\Desktop\ti-cgt-c2000_15.12.7.LTS\lib\src\memory
Unpacking C:\Users\user\Desktop\ti-cgt-c2000_15.12.7.LTS\lib\src\bitset
Unpacking C:\Users\user\Desktop\ti-cgt-c2000_15.12.7.LTS\lib\src\trgdrv.h
Unpacking C:\Users\user\Desktop\ti-cgt-c2000_15.12.7.LTS\lib\src\guard.cpp
Unpacking C:\Users\user\Desktop\ti-cgt-c2000_15.12.7.LTS\lib\src\s_modf.c
Unpacking C:\Users\user\Desktop\ti-cgt-c2000_15.12.7.LTS\lib\src\limits.h
Unpacking C:\Users\user\Desktop\ti-cgt-c2000_15.12.7.LTS\lib\src\pre_init.c
Unpacking C:\Users\user\Desktop\ti-cgt-c2000_15.12.7.LTS\lib\src\s__valarray.c
Unpacking C:\Users\user\Desktop\ti-cgt-c2000_15.12.7.LTS\lib\src\strncat.c
Unpacking C:\Users\user\Desktop\ti-cgt-c2000_15.12.7.LTS\lib\src\strdup.c
Unpacking C:\Users\user\Desktop\ti-cgt-c2000_15.12.7.LTS\lib\src\fd_toull.asm
Unpacking C:\Users\user\Desktop\ti-cgt-c2000_15.12.7.LTS\lib\src\cmath
Unpacking C:\Users\user\Desktop\ti-cgt-c2000_15.12.7.LTS\lib\src\s__bitset.h
Unpacking C:\Users\user\Desktop\ti-cgt-c2000_15.12.7.LTS\lib\src\s__string_fwd.h
Unpacking C:\Users\user\Desktop\ti-cgt-c2000_15.12.7.LTS\lib\src\num_put.cpp
Unpacking C:\Users\user\Desktop\ti-cgt-c2000_15.12.7.LTS\lib\src\s__iterator_old.h
Unpacking C:\Users\user\Desktop\ti-cgt-c2000_15.12.7.LTS\lib\src\fscanf.c
Unpacking C:\Users\user\Desktop\ti-cgt-c2000_15.12.7.LTS\lib\src\s_lroundl.c
Unpacking C:\Users\user\Desktop\ti-cgt-c2000_15.12.7.LTS\lib\src\ul_tofd.asm
Unpacking C:\Users\user\Desktop\ti-cgt-c2000_15.12.7.LTS\lib\src\Makefile
Unpacking C:\Users\user\Desktop\ti-cgt-c2000_15.12.7.LTS\lib\src\cstdarg
Unpacking C:\Users\user\Desktop\ti-cgt-c2000_15.12.7.LTS\lib\src\bsearch.c
Unpacking C:\Users\user\Desktop\ti-cgt-c2000_15.12.7.LTS\lib\src\memzero.cpp
Unpacking C:\Users\user\Desktop\ti-cgt-c2000_15.12.7.LTS\lib\src\s_cpowf.c
Unpacking C:\Users\user\Desktop\ti-cgt-c2000_15.12.7.LTS\lib\src\s__fstream.h
Unpacking C:\Users\user\Desktop\ti-cgt-c2000_15.12.7.LTS\lib\src\s__threads.c
Unpacking C:\Users\user\Desktop\ti-cgt-c2000_15.12.7.LTS\lib\src\abstract.asm
Unpacking C:\Users\user\Desktop\ti-cgt-c2000_15.12.7.LTS\lib\src\s__function.h
Unpacking C:\Users\user\Desktop\ti-cgt-c2000_15.12.7.LTS\lib\src\ctime
Unpacking C:\Users\user\Desktop\ti-cgt-c2000_15.12.7.LTS\lib\src\ull_tofd28.inc
Unpacking C:\Users\user\Desktop\ti-cgt-c2000_15.12.7.LTS\lib\src\isgraph.c
Unpacking C:\Users\user\Desktop\ti-cgt-c2000_15.12.7.LTS\lib\src\s_conjf.c
Unpacking C:\Users\user\Desktop\ti-cgt-c2000_15.12.7.LTS\lib\src\llabs.c
Unpacking C:\Users\user\Desktop\ti-cgt-c2000_15.12.7.LTS\lib\src\e_atanhf.c
Unpacking C:\Users\user\Desktop\ti-cgt-c2000_15.12.7.LTS\lib\src\s__epilog.h
Unpacking C:\Users\user\Desktop\ti-cgt-c2000_15.12.7.LTS\lib\src\messages.cpp
Unpacking C:\Users\user\Desktop\ti-cgt-c2000_15.12.7.LTS\lib\src\u_tofs27.inc
Unpacking C:\Users\user\Desktop\ti-cgt-c2000_15.12.7.LTS\lib\src\difftime.c
Unpacking C:\Users\user\Desktop\ti-cgt-c2000_15.12.7.LTS\lib\src\wmemmove.c
Unpacking C:\Users\user\Desktop\ti-cgt-c2000_15.12.7.LTS\lib\src\wmemcpy.c
Unpacking C:\Users\user\Desktop\ti-cgt-c2000_15.12.7.LTS\lib\src\s_c_locale.h
Unpacking C:\Users\user\Desktop\ti-cgt-c2000_15.12.7.LTS\lib\src\fd_sub28.inc
Unpacking C:\Users\user\Desktop\ti-cgt-c2000_15.12.7.LTS\lib\src\fs_toul.asm
Unpacking C:\Users\user\Desktop\ti-cgt-c2000_15.12.7.LTS\lib\src\gmtime64.c
Unpacking C:\Users\user\Desktop\ti-cgt-c2000_15.12.7.LTS\lib\src\s__stdexcept_base.c
Unpacking C:\Users\user\Desktop\ti-cgt-c2000_15.12.7.LTS\lib\src\strncasecmp.c
Unpacking C:\Users\user\Desktop\ti-cgt-c2000_15.12.7.LTS\lib\src\cstring
Unpacking C:\Users\user\Desktop\ti-cgt-c2000_15.12.7.LTS\lib\src\wmemcmp.c
Unpacking C:\Users\user\Desktop\ti-cgt-c2000_15.12.7.LTS\lib\src\s__collate.h
Unpacking C:\Users\user\Desktop\ti-cgt-c2000_15.12.7.LTS\lib\src\type_traits
Unpacking C:\Users\user\Desktop\ti-cgt-c2000_15.12.7.LTS\lib\src\stack
Unpacking C:\Users\user\Desktop\ti-cgt-c2000_15.12.7.LTS\lib\src\i_tofd.asm
Unpacking C:\Users\user\Desktop\ti-cgt-c2000_15.12.7.LTS\lib\src\i_div27.inc
Unpacking C:\Users\user\Desktop\ti-cgt-c2000_15.12.7.LTS\lib\src\wctype.c
Unpacking C:\Users\user\Desktop\ti-cgt-c2000_15.12.7.LTS\lib\src\dll_main.cpp
Unpacking C:\Users\user\Desktop\ti-cgt-c2000_15.12.7.LTS\lib\src\complex.h
Unpacking C:\Users\user\Desktop\ti-cgt-c2000_15.12.7.LTS\lib\src\setvbuf.c
Unpacking C:\Users\user\Desktop\ti-cgt-c2000_15.12.7.LTS\lib\src\rindex.c
Unpacking C:\Users\user\Desktop\ti-cgt-c2000_15.12.7.LTS\lib\src\fs_toull.asm
Unpacking C:\Users\user\Desktop\ti-cgt-c2000_15.12.7.LTS\lib\src\locale_catalog.cpp
Unpacking C:\Users\user\Desktop\ti-cgt-c2000_15.12.7.LTS\lib\src\s_ctanhf.c
Unpacking C:\Users\user\Desktop\ti-cgt-c2000_15.12.7.LTS\lib\src\clocale
Unpacking C:\Users\user\Desktop\ti-cgt-c2000_15.12.7.LTS\lib\src\monetary.cpp
Unpacking C:\Users\user\Desktop\ti-cgt-c2000_15.12.7.LTS\lib\src\mathimpl.h
Unpacking C:\Users\user\Desktop\ti-cgt-c2000_15.12.7.LTS\lib\src\memmov.c
Unpacking C:\Users\user\Desktop\ti-cgt-c2000_15.12.7.LTS\lib\src\strstr.c
Unpacking C:\Users\user\Desktop\ti-cgt-c2000_15.12.7.LTS\lib\src\e_log2.c
Unpacking C:\Users\user\Desktop\ti-cgt-c2000_15.12.7.LTS\lib\src\s_lrintl.c
Unpacking C:\Users\user\Desktop\ti-cgt-c2000_15.12.7.LTS\lib\src\s_nearbyint.c
Unpacking C:\Users\user\Desktop\ti-cgt-c2000_15.12.7.LTS\lib\src\rtti.h
Unpacking C:\Users\user\Desktop\ti-cgt-c2000_15.12.7.LTS\lib\src\s__bvector.h
Unpacking C:\Users\user\Desktop\ti-cgt-c2000_15.12.7.LTS\lib\src\s__range_errors.h
Unpacking C:\Users\user\Desktop\ti-cgt-c2000_15.12.7.LTS\lib\src\queue
Unpacking C:\Users\user\Desktop\ti-cgt-c2000_15.12.7.LTS\lib\src\e_pow.c
Unpacking C:\Users\user\Desktop\ti-cgt-c2000_15.12.7.LTS\lib\src\s__istream.h
Unpacking C:\Users\user\Desktop\ti-cgt-c2000_15.12.7.LTS\lib\src\fs_toul27.inc
Unpacking C:\Users\user\Desktop\ti-cgt-c2000_15.12.7.LTS\lib\src\s__mbstate_t.h
Unpacking C:\Users\user\Desktop\ti-cgt-c2000_15.12.7.LTS\lib\src\s_erff.c
Unpacking C:\Users\user\Desktop\ti-cgt-c2000_15.12.7.LTS\lib\src\s_conj.c
Unpacking C:\Users\user\Desktop\ti-cgt-c2000_15.12.7.LTS\lib\src\fd_toi.asm
Unpacking C:\Users\user\Desktop\ti-cgt-c2000_15.12.7.LTS\lib\src\ios
Unpacking C:\Users\user\Desktop\ti-cgt-c2000_15.12.7.LTS\lib\src\ostream.cpp
Unpacking C:\Users\user\Desktop\ti-cgt-c2000_15.12.7.LTS\lib\src\fs_neg.asm
Unpacking C:\Users\user\Desktop\ti-cgt-c2000_15.12.7.LTS\lib\src\newhandler.cpp
Unpacking C:\Users\user\Desktop\ti-cgt-c2000_15.12.7.LTS\lib\src\hostclose.c
Unpacking C:\Users\user\Desktop\ti-cgt-c2000_15.12.7.LTS\lib\src\s__string.h
Unpacking C:\Users\user\Desktop\ti-cgt-c2000_15.12.7.LTS\lib\src\close.c
Unpacking C:\Users\user\Desktop\ti-cgt-c2000_15.12.7.LTS\lib\src\s__stack.h
Unpacking C:\Users\user\Desktop\ti-cgt-c2000_15.12.7.LTS\lib\src\dtor_list.h
Unpacking C:\Users\user\Desktop\ti-cgt-c2000_15.12.7.LTS\lib\src\stdio_streambuf.h
Unpacking C:\Users\user\Desktop\ti-cgt-c2000_15.12.7.LTS\lib\src\k_logf.h
Unpacking C:\Users\user\Desktop\ti-cgt-c2000_15.12.7.LTS\lib\src\unordered_set
Unpacking C:\Users\user\Desktop\ti-cgt-c2000_15.12.7.LTS\lib\src\s_tanhf.c
Unpacking C:\Users\user\Desktop\ti-cgt-c2000_15.12.7.LTS\lib\src\fs_tol27.inc
Unpacking C:\Users\user\Desktop\ti-cgt-c2000_15.12.7.LTS\lib\src\_bufread.c
Unpacking C:\Users\user\Desktop\ti-cgt-c2000_15.12.7.LTS\lib\src\iterator
Unpacking C:\Users\user\Desktop\ti-cgt-c2000_15.12.7.LTS\lib\src\abstract28.inc
Unpacking C:\Users\user\Desktop\ti-cgt-c2000_15.12.7.LTS\lib\src\fs_cmp.asm
Unpacking C:\Users\user\Desktop\ti-cgt-c2000_15.12.7.LTS\lib\src\boot_hooks.h
Unpacking C:\Users\user\Desktop\ti-cgt-c2000_15.12.7.LTS\lib\src\memset.c
Unpacking C:\Users\user\Desktop\ti-cgt-c2000_15.12.7.LTS\lib\src\s__num_put.h
Unpacking C:\Users\user\Desktop\ti-cgt-c2000_15.12.7.LTS\lib\src\fs_toullfpu32.inc
Unpacking C:\Users\user\Desktop\ti-cgt-c2000_15.12.7.LTS\lib\src\s_ilogbf.c
Unpacking C:\Users\user\Desktop\ti-cgt-c2000_15.12.7.LTS\lib\src\s__slist_base.c
Unpacking C:\Users\user\Desktop\ti-cgt-c2000_15.12.7.LTS\lib\src\lock_free_slist.h
Unpacking C:\Users\user\Desktop\ti-cgt-c2000_15.12.7.LTS\lib\src\s__typeinfo.h
Unpacking C:\Users\user\Desktop\ti-cgt-c2000_15.12.7.LTS\lib\src\istream
Unpacking C:\Users\user\Desktop\ti-cgt-c2000_15.12.7.LTS\lib\src\fs_div28.inc
Unpacking C:\Users\user\Desktop\ti-cgt-c2000_15.12.7.LTS\lib\src\s_atan.c
Unpacking C:\Users\user\Desktop\ti-cgt-c2000_15.12.7.LTS\lib\src\strlen.c
Unpacking C:\Users\user\Desktop\ti-cgt-c2000_15.12.7.LTS\lib\src\s_c__prolog.h
Unpacking C:\Users\user\Desktop\ti-cgt-c2000_15.12.7.LTS\lib\src\locale.cpp
Unpacking C:\Users\user\Desktop\ti-cgt-c2000_15.12.7.LTS\lib\src\IQ.asm
Unpacking C:\Users\user\Desktop\ti-cgt-c2000_15.12.7.LTS\lib\src\assert.c
Unpacking C:\Users\user\Desktop\ti-cgt-c2000_15.12.7.LTS\lib\src\wmemchr.c
Unpacking C:\Users\user\Desktop\ti-cgt-c2000_15.12.7.LTS\lib\src\s__ios.h
Unpacking C:\Users\user\Desktop\ti-cgt-c2000_15.12.7.LTS\lib\src\e_new
Unpacking C:\Users\user\Desktop\ti-cgt-c2000_15.12.7.LTS\lib\src\s_sin.c
Unpacking C:\Users\user\Desktop\ti-cgt-c2000_15.12.7.LTS\lib\src\setbuf.c
Unpacking C:\Users\user\Desktop\ti-cgt-c2000_15.12.7.LTS\lib\src\fs_neg28.inc
Unpacking C:\Users\user\Desktop\ti-cgt-c2000_15.12.7.LTS\lib\src\stdexcept
Unpacking C:\Users\user\Desktop\ti-cgt-c2000_15.12.7.LTS\lib\src\s__string_operators.h
Unpacking C:\Users\user\Desktop\ti-cgt-c2000_15.12.7.LTS\lib\src\strstream.cpp
Unpacking C:\Users\user\Desktop\ti-cgt-c2000_15.12.7.LTS\lib\src\i_tofs28.inc
Unpacking C:\Users\user\Desktop\ti-cgt-c2000_15.12.7.LTS\lib\src\s_tan.c
Unpacking C:\Users\user\Desktop\ti-cgt-c2000_15.12.7.LTS\lib\src\ll_div28.inc
Unpacking C:\Users\user\Desktop\ti-cgt-c2000_15.12.7.LTS\lib\src\signal.c
Unpacking C:\Users\user\Desktop\ti-cgt-c2000_15.12.7.LTS\lib\src\hostopen.c
Unpacking C:\Users\user\Desktop\ti-cgt-c2000_15.12.7.LTS\lib\src\outprof.c
Unpacking C:\Users\user\Desktop\ti-cgt-c2000_15.12.7.LTS\lib\src\pprof_cio.c
Unpacking C:\Users\user\Desktop\ti-cgt-c2000_15.12.7.LTS\lib\src\fs_toll28.inc
Unpacking C:\Users\user\Desktop\ti-cgt-c2000_15.12.7.LTS\lib\src\s__csignal.h
Unpacking C:\Users\user\Desktop\ti-cgt-c2000_15.12.7.LTS\lib\src\newnothrow.cpp
Unpacking C:\Users\user\Desktop\ti-cgt-c2000_15.12.7.LTS\lib\src\strcpy.c
Unpacking C:\Users\user\Desktop\ti-cgt-c2000_15.12.7.LTS\lib\src\s_logbf.c
Unpacking C:\Users\user\Desktop\ti-cgt-c2000_15.12.7.LTS\lib\src\u_div27.inc
Unpacking C:\Users\user\Desktop\ti-cgt-c2000_15.12.7.LTS\lib\src\s__deque.c
Unpacking C:\Users\user\Desktop\ti-cgt-c2000_15.12.7.LTS\lib\src\error.cpp
Unpacking C:\Users\user\Desktop\ti-cgt-c2000_15.12.7.LTS\lib\src\IQxmpy.asm
Unpacking C:\Users\user\Desktop\ti-cgt-c2000_15.12.7.LTS\lib\src\e_fmodf.c
Unpacking C:\Users\user\Desktop\ti-cgt-c2000_15.12.7.LTS\lib\src\c_locale.cpp
Unpacking C:\Users\user\Desktop\ti-cgt-c2000_15.12.7.LTS\lib\src\array_pdel.cpp
Unpacking C:\Users\user\Desktop\ti-cgt-c2000_15.12.7.LTS\lib\src\fs_toi.asm
Unpacking C:\Users\user\Desktop\ti-cgt-c2000_15.12.7.LTS\lib\src\defs.c
Unpacking C:\Users\user\Desktop\ti-cgt-c2000_15.12.7.LTS\lib\src\s__num_get.c
Unpacking C:\Users\user\Desktop\ti-cgt-c2000_15.12.7.LTS\lib\src\getdevice.c
Unpacking C:\Users\user\Desktop\ti-cgt-c2000_15.12.7.LTS\lib\src\s__limits.c
Unpacking C:\Users\user\Desktop\ti-cgt-c2000_15.12.7.LTS\lib\src\s__cstdarg.h
Unpacking C:\Users\user\Desktop\ti-cgt-c2000_15.12.7.LTS\lib\src\s__numeric.h
Unpacking C:\Users\user\Desktop\ti-cgt-c2000_15.12.7.LTS\lib\src\ctime_.c
Unpacking C:\Users\user\Desktop\ti-cgt-c2000_15.12.7.LTS\lib\src\e_expf.c
Unpacking C:\Users\user\Desktop\ti-cgt-c2000_15.12.7.LTS\lib\src\u_div28.inc
Unpacking C:\Users\user\Desktop\ti-cgt-c2000_15.12.7.LTS\lib\src\mktime64.c
Unpacking C:\Users\user\Desktop\ti-cgt-c2000_15.12.7.LTS\lib\src\s__string_sum.h
Unpacking C:\Users\user\Desktop\ti-cgt-c2000_15.12.7.LTS\lib\src\strncmp.c
Unpacking C:\Users\user\Desktop\ti-cgt-c2000_15.12.7.LTS\lib\src\bitset.cpp
Unpacking C:\Users\user\Desktop\ti-cgt-c2000_15.12.7.LTS\lib\src\s__carray.h
Unpacking C:\Users\user\Desktop\ti-cgt-c2000_15.12.7.LTS\lib\src\set_new.cpp
Unpacking C:\Users\user\Desktop\ti-cgt-c2000_15.12.7.LTS\lib\src\s__new.h
Unpacking C:\Users\user\Desktop\ti-cgt-c2000_15.12.7.LTS\lib\src\s__function_base.h
Unpacking C:\Users\user\Desktop\ti-cgt-c2000_15.12.7.LTS\lib\src\cpy_tbl.h
Unpacking C:\Users\user\Desktop\ti-cgt-c2000_15.12.7.LTS\lib\src\s_csinh.c
Unpacking C:\Users\user\Desktop\ti-cgt-c2000_15.12.7.LTS\lib\src\fd_toll28.inc
Unpacking C:\Users\user\Desktop\ti-cgt-c2000_15.12.7.LTS\lib\src\s__slist.h
Unpacking C:\Users\user\Desktop\ti-cgt-c2000_15.12.7.LTS\lib\src\s_floorf.c
Unpacking C:\Users\user\Desktop\ti-cgt-c2000_15.12.7.LTS\lib\src\vsprintf.c
Unpacking C:\Users\user\Desktop\ti-cgt-c2000_15.12.7.LTS\lib\src\s__istream.c
Unpacking C:\Users\user\Desktop\ti-cgt-c2000_15.12.7.LTS\lib\src\e_sinh.c
Unpacking C:\Users\user\Desktop\ti-cgt-c2000_15.12.7.LTS\lib\src\assert.h
Unpacking C:\Users\user\Desktop\ti-cgt-c2000_15.12.7.LTS\lib\src\s_cexpf.c
Unpacking C:\Users\user\Desktop\ti-cgt-c2000_15.12.7.LTS\lib\src\s__string_io.h
Unpacking C:\Users\user\Desktop\ti-cgt-c2000_15.12.7.LTS\lib\src\ti_nan.c
Unpacking C:\Users\user\Desktop\ti-cgt-c2000_15.12.7.LTS\lib\src\csetjmp
Unpacking C:\Users\user\Desktop\ti-cgt-c2000_15.12.7.LTS\lib\src\iso646.h
Unpacking C:\Users\user\Desktop\ti-cgt-c2000_15.12.7.LTS\lib\src\s__hash_set.h
Unpacking C:\Users\user\Desktop\ti-cgt-c2000_15.12.7.LTS\lib\src\strspn.c
Unpacking C:\Users\user\Desktop\ti-cgt-c2000_15.12.7.LTS\lib\src\ll_tofs28.inc
Unpacking C:\Users\user\Desktop\ti-cgt-c2000_15.12.7.LTS\lib\src\s_nextafterf.c
Unpacking C:\Users\user\Desktop\ti-cgt-c2000_15.12.7.LTS\lib\src\fd_toul.asm
Unpacking C:\Users\user\Desktop\ti-cgt-c2000_15.12.7.LTS\lib\src\k_exp.c
Unpacking C:\Users\user\Desktop\ti-cgt-c2000_15.12.7.LTS\lib\src\s__cprolog.h
Unpacking C:\Users\user\Desktop\ti-cgt-c2000_15.12.7.LTS\lib\src\num_get.cpp
Unpacking C:\Users\user\Desktop\ti-cgt-c2000_15.12.7.LTS\lib\src\c_locale_dummy.c
Unpacking C:\Users\user\Desktop\ti-cgt-c2000_15.12.7.LTS\lib\src\s_rint.c
Unpacking C:\Users\user\Desktop\ti-cgt-c2000_15.12.7.LTS\lib\src\l_tofd28.inc
Unpacking C:\Users\user\Desktop\ti-cgt-c2000_15.12.7.LTS\lib\src\ferror.c
Unpacking C:\Users\user\Desktop\ti-cgt-c2000_15.12.7.LTS\lib\src\memcmp.c
Unpacking C:\Users\user\Desktop\ti-cgt-c2000_15.12.7.LTS\lib\src\numeric
Unpacking C:\Users\user\Desktop\ti-cgt-c2000_15.12.7.LTS\lib\src\s__alloc.h
Unpacking C:\Users\user\Desktop\ti-cgt-c2000_15.12.7.LTS\lib\src\s__ostream.h
Unpacking C:\Users\user\Desktop\ti-cgt-c2000_15.12.7.LTS\lib\src\s__cstddef.h
Unpacking C:\Users\user\Desktop\ti-cgt-c2000_15.12.7.LTS\lib\src\remove_device.c
Unpacking C:\Users\user\Desktop\ti-cgt-c2000_15.12.7.LTS\lib\src\s_cargf.c
Unpacking C:\Users\user\Desktop\ti-cgt-c2000_15.12.7.LTS\lib\src\ll_aox.asm
Unpacking C:\Users\user\Desktop\ti-cgt-c2000_15.12.7.LTS\lib\src\num_get_float.cpp
Unpacking C:\Users\user\Desktop\ti-cgt-c2000_15.12.7.LTS\lib\src\fs_neg27.inc
Unpacking C:\Users\user\Desktop\ti-cgt-c2000_15.12.7.LTS\lib\src\s__sstream.c
Unpacking C:\Users\user\Desktop\ti-cgt-c2000_15.12.7.LTS\lib\src\fs_div.asm
Unpacking C:\Users\user\Desktop\ti-cgt-c2000_15.12.7.LTS\lib\src\e_hypotf.c
Unpacking C:\Users\user\Desktop\ti-cgt-c2000_15.12.7.LTS\lib\src\s_copysignf.c
Unpacking C:\Users\user\Desktop\ti-cgt-c2000_15.12.7.LTS\lib\src\e_sqrt.c
Unpacking C:\Users\user\Desktop\ti-cgt-c2000_15.12.7.LTS\lib\src\deque
Unpacking C:\Users\user\Desktop\ti-cgt-c2000_15.12.7.LTS\lib\src\s__construct.h
Unpacking C:\Users\user\Desktop\ti-cgt-c2000_15.12.7.LTS\lib\src\s_asinh.c
Unpacking C:\Users\user\Desktop\ti-cgt-c2000_15.12.7.LTS\lib\src\s__string_io.c
Unpacking C:\Users\user\Desktop\ti-cgt-c2000_15.12.7.LTS\lib\src\fd_mpy.asm
Unpacking C:\Users\user\Desktop\ti-cgt-c2000_15.12.7.LTS\lib\src\rand.c
Unpacking C:\Users\user\Desktop\ti-cgt-c2000_15.12.7.LTS\lib\src\strtoll.c
Unpacking C:\Users\user\Desktop\ti-cgt-c2000_15.12.7.LTS\lib\src\s_cimagl.c
Unpacking C:\Users\user\Desktop\ti-cgt-c2000_15.12.7.LTS\lib\src\s_ceil.c
Unpacking C:\Users\user\Desktop\ti-cgt-c2000_15.12.7.LTS\lib\src\s_ccoshf.c
Unpacking C:\Users\user\Desktop\ti-cgt-c2000_15.12.7.LTS\lib\src\e_atan2f.c
Unpacking C:\Users\user\Desktop\ti-cgt-c2000_15.12.7.LTS\lib\src\s_scalbnf.c
Unpacking C:\Users\user\Desktop\ti-cgt-c2000_15.12.7.LTS\lib\src\s_csinhf.c
Unpacking C:\Users\user\Desktop\ti-cgt-c2000_15.12.7.LTS\lib\src\atexit.c
Unpacking C:\Users\user\Desktop\ti-cgt-c2000_15.12.7.LTS\lib\src\s__cwchar.h
Unpacking C:\Users\user\Desktop\ti-cgt-c2000_15.12.7.LTS\lib\src\tmzone.c
Unpacking C:\Users\user\Desktop\ti-cgt-c2000_15.12.7.LTS\lib\src\s__monetary.c
Unpacking C:\Users\user\Desktop\ti-cgt-c2000_15.12.7.LTS\lib\src\math_private.h
Unpacking C:\Users\user\Desktop\ti-cgt-c2000_15.12.7.LTS\lib\src\iomanip
Unpacking C:\Users\user\Desktop\ti-cgt-c2000_15.12.7.LTS\lib\src\e_exception
Unpacking C:\Users\user\Desktop\ti-cgt-c2000_15.12.7.LTS\lib\src\s__range_errors.c
Unpacking C:\Users\user\Desktop\ti-cgt-c2000_15.12.7.LTS\lib\src\s__string.c
Unpacking C:\Users\user\Desktop\ti-cgt-c2000_15.12.7.LTS\lib\src\s__algobase.c
Unpacking C:\Users\user\Desktop\ti-cgt-c2000_15.12.7.LTS\lib\src\s__csetjmp.h
Unpacking C:\Users\user\Desktop\ti-cgt-c2000_15.12.7.LTS\lib\src\clock.c
Unpacking C:\Users\user\Desktop\ti-cgt-c2000_15.12.7.LTS\lib\src\_io_perm.c
Unpacking C:\Users\user\Desktop\ti-cgt-c2000_15.12.7.LTS\lib\src\isascii.c
Unpacking C:\Users\user\Desktop\ti-cgt-c2000_15.12.7.LTS\lib\src\fs_add27.inc
Unpacking C:\Users\user\Desktop\ti-cgt-c2000_15.12.7.LTS\lib\src\i_tofd28.inc
Unpacking C:\Users\user\Desktop\ti-cgt-c2000_15.12.7.LTS\lib\src\fd_tofs.asm
Unpacking C:\Users\user\Desktop\ti-cgt-c2000_15.12.7.LTS\lib\src\s__vector.h
Unpacking C:\Users\user\Desktop\ti-cgt-c2000_15.12.7.LTS\lib\src\s__pthread_alloc.h
Unpacking C:\Users\user\Desktop\ti-cgt-c2000_15.12.7.LTS\lib\src\cstddef
Unpacking C:\Users\user\Desktop\ti-cgt-c2000_15.12.7.LTS\lib\src\lseek.c
Unpacking C:\Users\user\Desktop\ti-cgt-c2000_15.12.7.LTS\lib\src\write.c
Unpacking C:\Users\user\Desktop\ti-cgt-c2000_15.12.7.LTS\lib\src\e_log2f.c
Unpacking C:\Users\user\Desktop\ti-cgt-c2000_15.12.7.LTS\lib\src\l_tofd.asm
Unpacking C:\Users\user\Desktop\ti-cgt-c2000_15.12.7.LTS\lib\src\b_log.c
Unpacking C:\Users\user\Desktop\ti-cgt-c2000_15.12.7.LTS\lib\src\e_remainderf.c
Unpacking C:\Users\user\Desktop\ti-cgt-c2000_15.12.7.LTS\lib\src\s__cstdlib.h
Unpacking C:\Users\user\Desktop\ti-cgt-c2000_15.12.7.LTS\lib\src\_isfuncdcl.h
Unpacking C:\Users\user\Desktop\ti-cgt-c2000_15.12.7.LTS\lib\src\s__ptrs_specialize.h
Unpacking C:\Users\user\Desktop\ti-cgt-c2000_15.12.7.LTS\lib\src\locale_impl.h
Unpacking C:\Users\user\Desktop\ti-cgt-c2000_15.12.7.LTS\lib\src\e_fmod.c
Unpacking C:\Users\user\Desktop\ti-cgt-c2000_15.12.7.LTS\lib\src\ios.cpp
Unpacking C:\Users\user\Desktop\ti-cgt-c2000_15.12.7.LTS\lib\src\crc_defines.h
Unpacking C:\Users\user\Desktop\ti-cgt-c2000_15.12.7.LTS\lib\src\fgetc.c
Unpacking C:\Users\user\Desktop\ti-cgt-c2000_15.12.7.LTS\lib\src\_reg_synch_api.h
Unpacking C:\Users\user\Desktop\ti-cgt-c2000_15.12.7.LTS\lib\src\s__algobase.h
Unpacking C:\Users\user\Desktop\ti-cgt-c2000_15.12.7.LTS\lib\src\fs_cmp28.inc
Unpacking C:\Users\user\Desktop\ti-cgt-c2000_15.12.7.LTS\lib\src\list
Unpacking C:\Users\user\Desktop\ti-cgt-c2000_15.12.7.LTS\lib\src\e_asinf.c
Unpacking C:\Users\user\Desktop\ti-cgt-c2000_15.12.7.LTS\lib\src\cassert
Unpacking C:\Users\user\Desktop\ti-cgt-c2000_15.12.7.LTS\lib\src\e_logf.c
Unpacking C:\Users\user\Desktop\ti-cgt-c2000_15.12.7.LTS\lib\src\e_lgammaf_r.c
Unpacking C:\Users\user\Desktop\ti-cgt-c2000_15.12.7.LTS\lib\src\l_lsl27.inc
Unpacking C:\Users\user\Desktop\ti-cgt-c2000_15.12.7.LTS\lib\src\memory.c
Unpacking C:\Users\user\Desktop\ti-cgt-c2000_15.12.7.LTS\lib\src\s_type_traits.h
Unpacking C:\Users\user\Desktop\ti-cgt-c2000_15.12.7.LTS\lib\src\s__complex.h
Unpacking C:\Users\user\Desktop\ti-cgt-c2000_15.12.7.LTS\lib\src\valarray
Unpacking C:\Users\user\Desktop\ti-cgt-c2000_15.12.7.LTS\lib\src\s__locale.h
Unpacking C:\Users\user\Desktop\ti-cgt-c2000_15.12.7.LTS\lib\src\stdint.h
Unpacking C:\Users\user\Desktop\ti-cgt-c2000_15.12.7.LTS\lib\src\vec_newdel.cpp
Unpacking C:\Users\user\Desktop\ti-cgt-c2000_15.12.7.LTS\lib\src\array_pnew.cpp
Unpacking C:\Users\user\Desktop\ti-cgt-c2000_15.12.7.LTS\lib\src\istream.cpp
Unpacking C:\Users\user\Desktop\ti-cgt-c2000_15.12.7.LTS\lib\src\s_cargl.c
Unpacking C:\Users\user\Desktop\ti-cgt-c2000_15.12.7.LTS\lib\src\s_cpow.c
Unpacking C:\Users\user\Desktop\ti-cgt-c2000_15.12.7.LTS\lib\src\s_sinf.c
Unpacking C:\Users\user\Desktop\ti-cgt-c2000_15.12.7.LTS\lib\src\s_tanf.c
Unpacking C:\Users\user\Desktop\ti-cgt-c2000_15.12.7.LTS\lib\src\s_floor.c
Unpacking C:\Users\user\Desktop\ti-cgt-c2000_15.12.7.LTS\lib\src\lowlev.h
Unpacking C:\Users\user\Desktop\ti-cgt-c2000_15.12.7.LTS\lib\src\hostlseek.c
Unpacking C:\Users\user\Desktop\ti-cgt-c2000_15.12.7.LTS\lib\src\s__vector.c
Unpacking C:\Users\user\Desktop\ti-cgt-c2000_15.12.7.LTS\lib\src\crc_tbl.h
Unpacking C:\Users\user\Desktop\ti-cgt-c2000_15.12.7.LTS\lib\src\e_lgamma.c
Unpacking C:\Users\user\Desktop\ti-cgt-c2000_15.12.7.LTS\lib\src\vars.cpp
Unpacking C:\Users\user\Desktop\ti-cgt-c2000_15.12.7.LTS\lib\src\s_conjl.c
Unpacking C:\Users\user\Desktop\ti-cgt-c2000_15.12.7.LTS\lib\src\isalpha.c
Unpacking C:\Users\user\Desktop\ti-cgt-c2000_15.12.7.LTS\lib\src\collate.cpp
Unpacking C:\Users\user\Desktop\ti-cgt-c2000_15.12.7.LTS\lib\src\ti_fmax.c
Unpacking C:\Users\user\Desktop\ti-cgt-c2000_15.12.7.LTS\lib\src\s__iomanip.h
Unpacking C:\Users\user\Desktop\ti-cgt-c2000_15.12.7.LTS\lib\src\isdigit.c
Unpacking C:\Users\user\Desktop\ti-cgt-c2000_15.12.7.LTS\lib\src\ascii.c
Unpacking C:\Users\user\Desktop\ti-cgt-c2000_15.12.7.LTS\lib\src\s__streambuf.c
Unpacking C:\Users\user\Desktop\ti-cgt-c2000_15.12.7.LTS\lib\src\s__bitset.c
Unpacking C:\Users\user\Desktop\ti-cgt-c2000_15.12.7.LTS\lib\src\s__tempbuf.h
Unpacking C:\Users\user\Desktop\ti-cgt-c2000_15.12.7.LTS\lib\src\s__facets_fwd.h
Unpacking C:\Users\user\Desktop\ti-cgt-c2000_15.12.7.LTS\lib\src\s_cprojf.c
Unpacking C:\Users\user\Desktop\ti-cgt-c2000_15.12.7.LTS\lib\src\clearerr.c
Unpacking C:\Users\user\Desktop\ti-cgt-c2000_15.12.7.LTS\lib\src\c2000asm.inc
Unpacking C:\Users\user\Desktop\ti-cgt-c2000_15.12.7.LTS\lib\src\asctime.c
Unpacking C:\Users\user\Desktop\ti-cgt-c2000_15.12.7.LTS\lib\src\s_cos.c
Unpacking C:\Users\user\Desktop\ti-cgt-c2000_15.12.7.LTS\lib\src\fcvt.c
Unpacking C:\Users\user\Desktop\ti-cgt-c2000_15.12.7.LTS\lib\src\fs_mpy28.inc
Unpacking C:\Users\user\Desktop\ti-cgt-c2000_15.12.7.LTS\lib\src\setlocale.c
Unpacking C:\Users\user\Desktop\ti-cgt-c2000_15.12.7.LTS\lib\src\s__cstring.h
Unpacking C:\Users\user\Desktop\ti-cgt-c2000_15.12.7.LTS\lib\src\e_acosh.c
Unpacking C:\Users\user\Desktop\ti-cgt-c2000_15.12.7.LTS\lib\src\string
Unpacking C:\Users\user\Desktop\ti-cgt-c2000_15.12.7.LTS\lib\src\s__messages_facets.h
Unpacking C:\Users\user\Desktop\ti-cgt-c2000_15.12.7.LTS\lib\src\fd_tofs28.inc
Unpacking C:\Users\user\Desktop\ti-cgt-c2000_15.12.7.LTS\lib\src\fs_toi27.inc
Unpacking C:\Users\user\Desktop\ti-cgt-c2000_15.12.7.LTS\lib\src\throw_edg.cpp
Unpacking C:\Users\user\Desktop\ti-cgt-c2000_15.12.7.LTS\lib\src\l_div28.inc
Unpacking C:\Users\user\Desktop\ti-cgt-c2000_15.12.7.LTS\lib\src\c_locale.h
Unpacking C:\Users\user\Desktop\ti-cgt-c2000_15.12.7.LTS\lib\src\s__ioserr.h
Unpacking C:\Users\user\Desktop\ti-cgt-c2000_15.12.7.LTS\lib\src\l_lsl.asm
Unpacking C:\Users\user\Desktop\ti-cgt-c2000_15.12.7.LTS\lib\src\_printfi_min.c
Unpacking C:\Users\user\Desktop\ti-cgt-c2000_15.12.7.LTS\lib\src\s__ctype.h
Unpacking C:\Users\user\Desktop\ti-cgt-c2000_15.12.7.LTS\lib\src\vprintf.c
Unpacking C:\Users\user\Desktop\ti-cgt-c2000_15.12.7.LTS\lib\src\memzero.h
Unpacking C:\Users\user\Desktop\ti-cgt-c2000_15.12.7.LTS\lib\src\s__prolog.h
Unpacking C:\Users\user\Desktop\ti-cgt-c2000_15.12.7.LTS\lib\src\atoll.c
Unpacking C:\Users\user\Desktop\ti-cgt-c2000_15.12.7.LTS\lib\src\ll_abs28.inc
Unpacking C:\Users\user\Desktop\ti-cgt-c2000_15.12.7.LTS\lib\src\functional
Unpacking C:\Users\user\Desktop\ti-cgt-c2000_15.12.7.LTS\lib\src\s__relops_cont.h
Unpacking C:\Users\user\Desktop\ti-cgt-c2000_15.12.7.LTS\lib\src\new_.cpp
Unpacking C:\Users\user\Desktop\ti-cgt-c2000_15.12.7.LTS\lib\src\_tls.h
Unpacking C:\Users\user\Desktop\ti-cgt-c2000_15.12.7.LTS\lib\src\s__tree.h
Unpacking C:\Users\user\Desktop\ti-cgt-c2000_15.12.7.LTS\lib\src\exception_.cpp
Unpacking C:\Users\user\Desktop\ti-cgt-c2000_15.12.7.LTS\lib\src\_printfi.c
Unpacking C:\Users\user\Desktop\ti-cgt-c2000_15.12.7.LTS\lib\src\_tvaltostr.c
Unpacking C:\Users\user\Desktop\ti-cgt-c2000_15.12.7.LTS\lib\src\string.cpp
Unpacking C:\Users\user\Desktop\ti-cgt-c2000_15.12.7.LTS\lib\src\hostrename.c
Unpacking C:\Users\user\Desktop\ti-cgt-c2000_15.12.7.LTS\lib\src\_lock.h
Unpacking C:\Users\user\Desktop\ti-cgt-c2000_15.12.7.LTS\lib\src\hostclock.c
Unpacking C:\Users\user\Desktop\ti-cgt-c2000_15.12.7.LTS\lib\src\s__stream_iterator.h
Unpacking C:\Users\user\Desktop\ti-cgt-c2000_15.12.7.LTS\lib\src\s__tempbuf.c
Unpacking C:\Users\user\Desktop\ti-cgt-c2000_15.12.7.LTS\lib\src\s_boost_type_traits.h
Unpacking C:\Users\user\Desktop\ti-cgt-c2000_15.12.7.LTS\lib\src\stdio.h
Unpacking C:\Users\user\Desktop\ti-cgt-c2000_15.12.7.LTS\lib\src\stdlibf.h
Unpacking C:\Users\user\Desktop\ti-cgt-c2000_15.12.7.LTS\lib\src\catrig.c
Unpacking C:\Users\user\Desktop\ti-cgt-c2000_15.12.7.LTS\lib\src\e_lgamma_r.c
Unpacking C:\Users\user\Desktop\ti-cgt-c2000_15.12.7.LTS\lib\src\ull_tofsfpu32.inc
Unpacking C:\Users\user\Desktop\ti-cgt-c2000_15.12.7.LTS\lib\src\pure_virt.cpp
Unpacking C:\Users\user\Desktop\ti-cgt-c2000_15.12.7.LTS\lib\src\k_tanf.c
Unpacking C:\Users\user\Desktop\ti-cgt-c2000_15.12.7.LTS\lib\src\s_llroundl.c
Unpacking C:\Users\user\Desktop\ti-cgt-c2000_15.12.7.LTS\lib\src\setjmp.h
Unpacking C:\Users\user\Desktop\ti-cgt-c2000_15.12.7.LTS\lib\src\e_exp.c
Unpacking C:\Users\user\Desktop\ti-cgt-c2000_15.12.7.LTS\lib\src\s__string_base.h
Unpacking C:\Users\user\Desktop\ti-cgt-c2000_15.12.7.LTS\lib\src\w_cabsf.c
Unpacking C:\Users\user\Desktop\ti-cgt-c2000_15.12.7.LTS\lib\src\s_round.c
Unpacking C:\Users\user\Desktop\ti-cgt-c2000_15.12.7.LTS\lib\src\ull_tofs28.inc
Unpacking C:\Users\user\Desktop\ti-cgt-c2000_15.12.7.LTS\lib\src\s__hash_fun.h
Unpacking C:\Users\user\Desktop\ti-cgt-c2000_15.12.7.LTS\lib\src\rope
Unpacking C:\Users\user\Desktop\ti-cgt-c2000_15.12.7.LTS\lib\src\s_p__tools.h
Unpacking C:\Users\user\Desktop\ti-cgt-c2000_15.12.7.LTS\lib\src\u_tofs.asm
Unpacking C:\Users\user\Desktop\ti-cgt-c2000_15.12.7.LTS\lib\src\fd_tou.asm
Unpacking C:\Users\user\Desktop\ti-cgt-c2000_15.12.7.LTS\lib\src\complex_trig.cpp
Unpacking C:\Users\user\Desktop\ti-cgt-c2000_15.12.7.LTS\lib\src\args_main.c
Unpacking C:\Users\user\Desktop\ti-cgt-c2000_15.12.7.LTS\lib\src\fseek.c
Unpacking C:\Users\user\Desktop\ti-cgt-c2000_15.12.7.LTS\lib\src\_ctype.cpp
Unpacking C:\Users\user\Desktop\ti-cgt-c2000_15.12.7.LTS\lib\src\fd_util28.inc
Unpacking C:\Users\user\Desktop\ti-cgt-c2000_15.12.7.LTS\lib\src\s__rope.c
Unpacking C:\Users\user\Desktop\ti-cgt-c2000_15.12.7.LTS\lib\src\e_acos.c
Unpacking C:\Users\user\Desktop\ti-cgt-c2000_15.12.7.LTS\lib\src\epilog.asm
Unpacking C:\Users\user\Desktop\ti-cgt-c2000_15.12.7.LTS\lib\src\s_c__ti.h
Unpacking C:\Users\user\Desktop\ti-cgt-c2000_15.12.7.LTS\lib\src\dtor_list.cpp
Unpacking C:\Users\user\Desktop\ti-cgt-c2000_15.12.7.LTS\lib\src\s_ilogb.c
Unpacking C:\Users\user\Desktop\ti-cgt-c2000_15.12.7.LTS\lib\src\ul_tofd28.inc
Unpacking C:\Users\user\Desktop\ti-cgt-c2000_15.12.7.LTS\lib\src\s__heap.h
Unpacking C:\Users\user\Desktop\ti-cgt-c2000_15.12.7.LTS\lib\src\stdarg.h
Unpacking C:\Users\user\Desktop\ti-cgt-c2000_15.12.7.LTS\lib\src\message_facets.h
Unpacking C:\Users\user\Desktop\ti-cgt-c2000_15.12.7.LTS\lib\src\s_remquo.c
Unpacking C:\Users\user\Desktop\ti-cgt-c2000_15.12.7.LTS\lib\src\s_c_user_config.h
Unpacking C:\Users\user\Desktop\ti-cgt-c2000_15.12.7.LTS\lib\src\s_ctanh.c
Unpacking C:\Users\user\Desktop\ti-cgt-c2000_15.12.7.LTS\lib\src\strftime.c
Unpacking C:\Users\user\Desktop\ti-cgt-c2000_15.12.7.LTS\lib\src\s_fma.c
Unpacking C:\Users\user\Desktop\ti-cgt-c2000_15.12.7.LTS\lib\src\s_logb.c
Unpacking C:\Users\user\Desktop\ti-cgt-c2000_15.12.7.LTS\lib\src\hostread.c
Unpacking C:\Users\user\Desktop\ti-cgt-c2000_15.12.7.LTS\lib\src\fs_add28.inc
Unpacking C:\Users\user\Desktop\ti-cgt-c2000_15.12.7.LTS\lib\src\ul_tofs.asm
Unpacking C:\Users\user\Desktop\ti-cgt-c2000_15.12.7.LTS\lib\src\s__valarray.h
Unpacking C:\Users\user\Desktop\ti-cgt-c2000_15.12.7.LTS\lib\src\acquire_release.h
Unpacking C:\Users\user\Desktop\ti-cgt-c2000_15.12.7.LTS\lib\src\allocators.cpp
Unpacking C:\Users\user\Desktop\ti-cgt-c2000_15.12.7.LTS\lib\src\k_sinf.c
Unpacking C:\Users\user\Desktop\ti-cgt-c2000_15.12.7.LTS\lib\src\math.h
Unpacking C:\Users\user\Desktop\ti-cgt-c2000_15.12.7.LTS\lib\src\hostwrite.c
Unpacking C:\Users\user\Desktop\ti-cgt-c2000_15.12.7.LTS\lib\src\fs_tol.asm
Unpacking C:\Users\user\Desktop\ti-cgt-c2000_15.12.7.LTS\lib\src\s_clogl.c
Unpacking C:\Users\user\Desktop\ti-cgt-c2000_15.12.7.LTS\lib\src\config.h
Unpacking C:\Users\user\Desktop\ti-cgt-c2000_15.12.7.LTS\lib\src\_fmt_specifier.h
Unpacking C:\Users\user\Desktop\ti-cgt-c2000_15.12.7.LTS\lib\src\abs.c
Unpacking C:\Users\user\Desktop\ti-cgt-c2000_15.12.7.LTS\lib\src\s_p__slist.h
Unpacking C:\Users\user\Desktop\ti-cgt-c2000_15.12.7.LTS\lib\src\cla_divi.cla
Unpacking C:\Users\user\Desktop\ti-cgt-c2000_15.12.7.LTS\lib\src\s__hash_map.h
Unpacking C:\Users\user\Desktop\ti-cgt-c2000_15.12.7.LTS\lib\src\_reg_mutex_api.h
Unpacking C:\Users\user\Desktop\ti-cgt-c2000_15.12.7.LTS\lib\src\s__queue.h
Unpacking C:\Users\user\Desktop\ti-cgt-c2000_15.12.7.LTS\lib\src\errno.h
Unpacking C:\Users\user\Desktop\ti-cgt-c2000_15.12.7.LTS\lib\src\vec_newdel.h
Unpacking C:\Users\user\Desktop\ti-cgt-c2000_15.12.7.LTS\lib\src\ll_abs.asm
Unpacking C:\Users\user\Desktop\ti-cgt-c2000_15.12.7.LTS\lib\src\rewind.c
Unpacking C:\Users\user\Desktop\ti-cgt-c2000_15.12.7.LTS\lib\src\unified_locale.cpp
Unpacking C:\Users\user\Desktop\ti-cgt-c2000_15.12.7.LTS\lib\src\ul_tofs27.inc
Unpacking C:\Users\user\Desktop\ti-cgt-c2000_15.12.7.LTS\lib\src\strtof.c
Unpacking C:\Users\user\Desktop\ti-cgt-c2000_15.12.7.LTS\lib\src\fs_mpy27.inc
Unpacking C:\Users\user\Desktop\ti-cgt-c2000_15.12.7.LTS\lib\src\qsort.c
Unpacking C:\Users\user\Desktop\ti-cgt-c2000_15.12.7.LTS\lib\src\s_clogf.c
Unpacking C:\Users\user\Desktop\ti-cgt-c2000_15.12.7.LTS\lib\src\_data_synch.h
Unpacking C:\Users\user\Desktop\ti-cgt-c2000_15.12.7.LTS\lib\src\ctype.c
Unpacking C:\Users\user\Desktop\ti-cgt-c2000_15.12.7.LTS\lib\src\fd_mpy28.inc
Unpacking C:\Users\user\Desktop\ti-cgt-c2000_15.12.7.LTS\lib\src\limits
Unpacking C:\Users\user\Desktop\ti-cgt-c2000_15.12.7.LTS\lib\src\getenv.c
Unpacking C:\Users\user\Desktop\ti-cgt-c2000_15.12.7.LTS\lib\src\s_ceilf.c
Unpacking C:\Users\user\Desktop\ti-cgt-c2000_15.12.7.LTS\lib\src\s__algo.c
Unpacking C:\Users\user\Desktop\ti-cgt-c2000_15.12.7.LTS\lib\src\s_nextafter.c
Unpacking C:\Users\user\Desktop\ti-cgt-c2000_15.12.7.LTS\lib\src\wcsncpy.c
Unpacking C:\Users\user\Desktop\ti-cgt-c2000_15.12.7.LTS\lib\src\sstream
Unpacking C:\Users\user\Desktop\ti-cgt-c2000_15.12.7.LTS\lib\src\fd_neg.asm
Unpacking C:\Users\user\Desktop\ti-cgt-c2000_15.12.7.LTS\lib\src\eh_util.cpp
Unpacking C:\Users\user\Desktop\ti-cgt-c2000_15.12.7.LTS\lib\src\remove.c
Unpacking C:\Users\user\Desktop\ti-cgt-c2000_15.12.7.LTS\lib\src\locale.h
Unpacking C:\Users\user\Desktop\ti-cgt-c2000_15.12.7.LTS\lib\src\ll_div.asm
Unpacking C:\Users\user\Desktop\ti-cgt-c2000_15.12.7.LTS\lib\src\cpy_utils.asm
Unpacking C:\Users\user\Desktop\ti-cgt-c2000_15.12.7.LTS\lib\src\array_nonew.cpp
Unpacking C:\Users\user\Desktop\ti-cgt-c2000_15.12.7.LTS\lib\src\fd_toll.asm
Unpacking C:\Users\user\Desktop\ti-cgt-c2000_15.12.7.LTS\lib\src\s_fdim.c
Unpacking C:\Users\user\Desktop\ti-cgt-c2000_15.12.7.LTS\lib\src\imaxdiv.c
Unpacking C:\Users\user\Desktop\ti-cgt-c2000_15.12.7.LTS\lib\src\locale_impl.cpp
Unpacking C:\Users\user\Desktop\ti-cgt-c2000_15.12.7.LTS\lib\src\fd_add28.inc
Unpacking C:\Users\user\Desktop\ti-cgt-c2000_15.12.7.LTS\lib\src\s_p__deque.h
Unpacking C:\Users\user\Desktop\ti-cgt-c2000_15.12.7.LTS\lib\src\ctime64.c
Unpacking C:\Users\user\Desktop\ti-cgt-c2000_15.12.7.LTS\lib\src\fs_add.asm
Unpacking C:\Users\user\Desktop\ti-cgt-c2000_15.12.7.LTS\lib\src\s__list.c
Unpacking C:\Users\user\Desktop\ti-cgt-c2000_15.12.7.LTS\lib\src\imaxabs.c
Unpacking C:\Users\user\Desktop\ti-cgt-c2000_15.12.7.LTS\lib\src\l_mpy27.inc
Unpacking C:\Users\user\Desktop\ti-cgt-c2000_15.12.7.LTS\lib\src\k_rem_pio2.c
Unpacking C:\Users\user\Desktop\ti-cgt-c2000_15.12.7.LTS\lib\src\s__set.h
Unpacking C:\Users\user\Desktop\ti-cgt-c2000_15.12.7.LTS\lib\src\i_tofs.asm
Unpacking C:\Users\user\Desktop\ti-cgt-c2000_15.12.7.LTS\lib\src\s_cbrt.c
Unpacking C:\Users\user\Desktop\ti-cgt-c2000_15.12.7.LTS\lib\src\_printfi_nf.c
Unpacking C:\Users\user\Desktop\ti-cgt-c2000_15.12.7.LTS\lib\src\cpp_inline_math.h
Unpacking C:\Users\user\Desktop\ti-cgt-c2000_15.12.7.LTS\lib\src\s_type_manips.h
Unpacking C:\Users\user\Desktop\ti-cgt-c2000_15.12.7.LTS\lib\src\strtoul.c
Unpacking C:\Users\user\Desktop\ti-cgt-c2000_15.12.7.LTS\lib\src\fs_toul28.inc
Unpacking C:\Users\user\Desktop\ti-cgt-c2000_15.12.7.LTS\lib\src\u_div.asm
Unpacking C:\Users\user\Desktop\ti-cgt-c2000_15.12.7.LTS\lib\src\isprint.c
Unpacking C:\Users\user\Desktop\ti-cgt-c2000_15.12.7.LTS\lib\src\fs_toi28.inc
Unpacking C:\Users\user\Desktop\ti-cgt-c2000_15.12.7.LTS\lib\src\div.c
Unpacking C:\Users\user\Desktop\ti-cgt-c2000_15.12.7.LTS\lib\src\s__clocale.h
Unpacking C:\Users\user\Desktop\ti-cgt-c2000_15.12.7.LTS\lib\src\s__ostreambuf_iterator.h
Unpacking C:\Users\user\Desktop\ti-cgt-c2000_15.12.7.LTS\lib\src\u_tofs28.inc
Unpacking C:\Users\user\Desktop\ti-cgt-c2000_15.12.7.LTS\lib\src\strstream
Unpacking C:\Users\user\Desktop\ti-cgt-c2000_15.12.7.LTS\lib\src\IQ28.inc
Unpacking C:\Users\user\Desktop\ti-cgt-c2000_15.12.7.LTS\lib\src\k_cosf.c
Unpacking C:\Users\user\Desktop\ti-cgt-c2000_15.12.7.LTS\lib\src\iscntrl.c
Unpacking C:\Users\user\Desktop\ti-cgt-c2000_15.12.7.LTS\lib\src\sstream.cpp
Unpacking C:\Users\user\Desktop\ti-cgt-c2000_15.12.7.LTS\lib\src\strcasecmp.c
Unpacking C:\Users\user\Desktop\ti-cgt-c2000_15.12.7.LTS\lib\src\vec_cctor.cpp
Unpacking C:\Users\user\Desktop\ti-cgt-c2000_15.12.7.LTS\lib\src\s_exp2.c
Unpacking C:\Users\user\Desktop\ti-cgt-c2000_15.12.7.LTS\lib\src\s__iostream_string.h
Unpacking C:\Users\user\Desktop\ti-cgt-c2000_15.12.7.LTS\lib\src\strpbrk.c
Unpacking C:\Users\user\Desktop\ti-cgt-c2000_15.12.7.LTS\lib\src\_scanfi_min.c
Unpacking C:\Users\user\Desktop\ti-cgt-c2000_15.12.7.LTS\lib\src\fs_toll.asm
Unpacking C:\Users\user\Desktop\ti-cgt-c2000_15.12.7.LTS\lib\src\num_put_float.cpp
Unpacking C:\Users\user\Desktop\ti-cgt-c2000_15.12.7.LTS\lib\src\_mutex.h
Unpacking C:\Users\user\Desktop\ti-cgt-c2000_15.12.7.LTS\lib\src\s__time_facets.c
Unpacking C:\Users\user\Desktop\ti-cgt-c2000_15.12.7.LTS\lib\src\s_c__epilog.h
Unpacking C:\Users\user\Desktop\ti-cgt-c2000_15.12.7.LTS\lib\src\e_sinhf.c
Unpacking C:\Users\user\Desktop\ti-cgt-c2000_15.12.7.LTS\lib\src\vsnprintf.c
Unpacking C:\Users\user\Desktop\ti-cgt-c2000_15.12.7.LTS\lib\src\s__istreambuf_iterator.h
Unpacking C:\Users\user\Desktop\ti-cgt-c2000_15.12.7.LTS\lib\src\tmpfile.c
Unpacking C:\Users\user\Desktop\ti-cgt-c2000_15.12.7.LTS\lib\src\s_tanh.c
Unpacking C:\Users\user\Desktop\ti-cgt-c2000_15.12.7.LTS\lib\src\s__auto_ptr.h
Unpacking C:\Users\user\Desktop\ti-cgt-c2000_15.12.7.LTS\lib\src\k_expf.c
Unpacking C:\Users\user\Desktop\ti-cgt-c2000_15.12.7.LTS\lib\src\s_c__system.h
Unpacking C:\Users\user\Desktop\ti-cgt-c2000_15.12.7.LTS\lib\src\cctype
Unpacking C:\Users\user\Desktop\ti-cgt-c2000_15.12.7.LTS\lib\src\array_nodel.cpp
Unpacking C:\Users\user\Desktop\ti-cgt-c2000_15.12.7.LTS\lib\src\e_powf.c
Unpacking C:\Users\user\Desktop\ti-cgt-c2000_15.12.7.LTS\lib\src\s__ostream.c
Unpacking C:\Users\user\Desktop\ti-cgt-c2000_15.12.7.LTS\lib\src\s_p__vector.h
Unpacking C:\Users\user\Desktop\ti-cgt-c2000_15.12.7.LTS\lib\src\fd_tofsfpu32.inc
Unpacking C:\Users\user\Desktop\ti-cgt-c2000_15.12.7.LTS\lib\src\boot27.inc
Unpacking C:\Users\user\Desktop\ti-cgt-c2000_15.12.7.LTS\lib\src\vfprintf.c
Unpacking C:\Users\user\Desktop\ti-cgt-c2000_15.12.7.LTS\lib\src\ll_tofd.asm
Unpacking C:\Users\user\Desktop\ti-cgt-c2000_15.12.7.LTS\lib\src\s__numeric.c
Unpacking C:\Users\user\Desktop\ti-cgt-c2000_15.12.7.LTS\lib\src\s_scalbln.c
Unpacking C:\Users\user\Desktop\ti-cgt-c2000_15.12.7.LTS\lib\src\s_rintf.c
Unpacking C:\Users\user\Desktop\ti-cgt-c2000_15.12.7.LTS\lib\src\ostream
Unpacking C:\Users\user\Desktop\ti-cgt-c2000_15.12.7.LTS\lib\src\.wipe
Unpacking C:\Users\user\Desktop\ti-cgt-c2000_15.12.7.LTS\include\streambuf
Unpacking C:\Users\user\Desktop\ti-cgt-c2000_15.12.7.LTS\include\s__alloc.c
Unpacking C:\Users\user\Desktop\ti-cgt-c2000_15.12.7.LTS\include\complex
Unpacking C:\Users\user\Desktop\ti-cgt-c2000_15.12.7.LTS\include\s_p__set.h
Unpacking C:\Users\user\Desktop\ti-cgt-c2000_15.12.7.LTS\include\locale
Unpacking C:\Users\user\Desktop\ti-cgt-c2000_15.12.7.LTS\include\s__rope.h
Unpacking C:\Users\user\Desktop\ti-cgt-c2000_15.12.7.LTS\include\vector
Unpacking C:\Users\user\Desktop\ti-cgt-c2000_15.12.7.LTS\include\tgmath.h
Unpacking C:\Users\user\Desktop\ti-cgt-c2000_15.12.7.LTS\include\s__monetary.h
Unpacking C:\Users\user\Desktop\ti-cgt-c2000_15.12.7.LTS\include\s__ios.c
Unpacking C:\Users\user\Desktop\ti-cgt-c2000_15.12.7.LTS\include\s__relops_hash_cont.h
Unpacking C:\Users\user\Desktop\ti-cgt-c2000_15.12.7.LTS\include\s__complex.c
Unpacking C:\Users\user\Desktop\ti-cgt-c2000_15.12.7.LTS\include\unordered_map
Unpacking C:\Users\user\Desktop\ti-cgt-c2000_15.12.7.LTS\include\typeinfo
Unpacking C:\Users\user\Desktop\ti-cgt-c2000_15.12.7.LTS\include\cfloat
Unpacking C:\Users\user\Desktop\ti-cgt-c2000_15.12.7.LTS\include\s__streambuf.h
Unpacking C:\Users\user\Desktop\ti-cgt-c2000_15.12.7.LTS\include\s__fstream.c
Unpacking C:\Users\user\Desktop\ti-cgt-c2000_15.12.7.LTS\include\s__pair.h
Unpacking C:\Users\user\Desktop\ti-cgt-c2000_15.12.7.LTS\include\s_c_host.h
Unpacking C:\Users\user\Desktop\ti-cgt-c2000_15.12.7.LTS\include\s__hashtable.h
Unpacking C:\Users\user\Desktop\ti-cgt-c2000_15.12.7.LTS\include\s__string_hash.h
Unpacking C:\Users\user\Desktop\ti-cgt-c2000_15.12.7.LTS\include\slist
Unpacking C:\Users\user\Desktop\ti-cgt-c2000_15.12.7.LTS\include\pthread_alloc
Unpacking C:\Users\user\Desktop\ti-cgt-c2000_15.12.7.LTS\include\s_d__debug.h
Unpacking C:\Users\user\Desktop\ti-cgt-c2000_15.12.7.LTS\include\fenv-softfloat.h
Unpacking C:\Users\user\Desktop\ti-cgt-c2000_15.12.7.LTS\include\s__config_compat_post.h
Unpacking C:\Users\user\Desktop\ti-cgt-c2000_15.12.7.LTS\include\fstream
Unpacking C:\Users\user\Desktop\ti-cgt-c2000_15.12.7.LTS\include\new
Unpacking C:\Users\user\Desktop\ti-cgt-c2000_15.12.7.LTS\include\s__list.h
Unpacking C:\Users\user\Desktop\ti-cgt-c2000_15.12.7.LTS\include\s__stdexcept_base.h
Unpacking C:\Users\user\Desktop\ti-cgt-c2000_15.12.7.LTS\include\s_c_features.h
Unpacking C:\Users\user\Desktop\ti-cgt-c2000_15.12.7.LTS\include\s__string_sum_methods.h
Unpacking C:\Users\user\Desktop\ti-cgt-c2000_15.12.7.LTS\include\file.h
Unpacking C:\Users\user\Desktop\ti-cgt-c2000_15.12.7.LTS\include\cstdio
Unpacking C:\Users\user\Desktop\ti-cgt-c2000_15.12.7.LTS\include\_defs.h
Unpacking C:\Users\user\Desktop\ti-cgt-c2000_15.12.7.LTS\include\ciso646
Unpacking C:\Users\user\Desktop\ti-cgt-c2000_15.12.7.LTS\include\_isfuncdef.h
Unpacking C:\Users\user\Desktop\ti-cgt-c2000_15.12.7.LTS\include\s__exception.h
Unpacking C:\Users\user\Desktop\ti-cgt-c2000_15.12.7.LTS\include\s__string_npos.h
Unpacking C:\Users\user\Desktop\ti-cgt-c2000_15.12.7.LTS\include\s__ios_base.h
Unpacking C:\Users\user\Desktop\ti-cgt-c2000_15.12.7.LTS\include\s__stdexcept.h
Unpacking C:\Users\user\Desktop\ti-cgt-c2000_15.12.7.LTS\include\stdbool.h
Unpacking C:\Users\user\Desktop\ti-cgt-c2000_15.12.7.LTS\include\s__iterator.h
Unpacking C:\Users\user\Desktop\ti-cgt-c2000_15.12.7.LTS\include\s__threads.h
Unpacking C:\Users\user\Desktop\ti-cgt-c2000_15.12.7.LTS\include\s__unordered_set.h
Unpacking C:\Users\user\Desktop\ti-cgt-c2000_15.12.7.LTS\include\s__slist_base.h
Unpacking C:\Users\user\Desktop\ti-cgt-c2000_15.12.7.LTS\include\s__raw_storage_iter.h
Unpacking C:\Users\user\Desktop\ti-cgt-c2000_15.12.7.LTS\include\map
Unpacking C:\Users\user\Desktop\ti-cgt-c2000_15.12.7.LTS\include\iostream
Unpacking C:\Users\user\Desktop\ti-cgt-c2000_15.12.7.LTS\include\s__iosfwd.h
Unpacking C:\Users\user\Desktop\ti-cgt-c2000_15.12.7.LTS\include\s__function_adaptors.h
Unpacking C:\Users\user\Desktop\ti-cgt-c2000_15.12.7.LTS\include\s__strstream.h
Unpacking C:\Users\user\Desktop\ti-cgt-c2000_15.12.7.LTS\include\s__ctime.h
Unpacking C:\Users\user\Desktop\ti-cgt-c2000_15.12.7.LTS\include\fenv.h
Unpacking C:\Users\user\Desktop\ti-cgt-c2000_15.12.7.LTS\include\s__tree.c
Unpacking C:\Users\user\Desktop\ti-cgt-c2000_15.12.7.LTS\include\s__cwctype.h
Unpacking C:\Users\user\Desktop\ti-cgt-c2000_15.12.7.LTS\include\s__cmath.h
Unpacking C:\Users\user\Desktop\ti-cgt-c2000_15.12.7.LTS\include\stddef.h
Unpacking C:\Users\user\Desktop\ti-cgt-c2000_15.12.7.LTS\include\wchar.h
Unpacking C:\Users\user\Desktop\ti-cgt-c2000_15.12.7.LTS\include\s__hashtable.c
Unpacking C:\Users\user\Desktop\ti-cgt-c2000_15.12.7.LTS\include\cerrno
Unpacking C:\Users\user\Desktop\ti-cgt-c2000_15.12.7.LTS\include\s__deque.h
Unpacking C:\Users\user\Desktop\ti-cgt-c2000_15.12.7.LTS\include\time.h
Unpacking C:\Users\user\Desktop\ti-cgt-c2000_15.12.7.LTS\include\signal.h
Unpacking C:\Users\user\Desktop\ti-cgt-c2000_15.12.7.LTS\include\s__num_get.h
Unpacking C:\Users\user\Desktop\ti-cgt-c2000_15.12.7.LTS\include\float.h
Unpacking C:\Users\user\Desktop\ti-cgt-c2000_15.12.7.LTS\include\s__ctraits_fns.h
Unpacking C:\Users\user\Desktop\ti-cgt-c2000_15.12.7.LTS\include\algorithm
Unpacking C:\Users\user\Desktop\ti-cgt-c2000_15.12.7.LTS\include\utility
Unpacking C:\Users\user\Desktop\ti-cgt-c2000_15.12.7.LTS\include\exception
Unpacking C:\Users\user\Desktop\ti-cgt-c2000_15.12.7.LTS\include\linkage.h
Unpacking C:\Users\user\Desktop\ti-cgt-c2000_15.12.7.LTS\include\s_p__list.h
Unpacking C:\Users\user\Desktop\ti-cgt-c2000_15.12.7.LTS\include\hash_map
Unpacking C:\Users\user\Desktop\ti-cgt-c2000_15.12.7.LTS\include\iosfwd
Unpacking C:\Users\user\Desktop\ti-cgt-c2000_15.12.7.LTS\include\s__slist.c
Unpacking C:\Users\user\Desktop\ti-cgt-c2000_15.12.7.LTS\include\s_char_traits.h
Unpacking C:\Users\user\Desktop\ti-cgt-c2000_15.12.7.LTS\include\s_concept_checks.h
Unpacking C:\Users\user\Desktop\ti-cgt-c2000_15.12.7.LTS\include\s__map.h
Unpacking C:\Users\user\Desktop\ti-cgt-c2000_15.12.7.LTS\include\pprof.h
Unpacking C:\Users\user\Desktop\ti-cgt-c2000_15.12.7.LTS\include\s__cctype.h
Unpacking C:\Users\user\Desktop\ti-cgt-c2000_15.12.7.LTS\include\s__iterator_base.h
Unpacking C:\Users\user\Desktop\ti-cgt-c2000_15.12.7.LTS\include\s__algo.h
Unpacking C:\Users\user\Desktop\ti-cgt-c2000_15.12.7.LTS\include\hash_set
Unpacking C:\Users\user\Desktop\ti-cgt-c2000_15.12.7.LTS\include\string.h
Unpacking C:\Users\user\Desktop\ti-cgt-c2000_15.12.7.LTS\include\s__heap.c
Unpacking C:\Users\user\Desktop\ti-cgt-c2000_15.12.7.LTS\include\cwchar
Unpacking C:\Users\user\Desktop\ti-cgt-c2000_15.12.7.LTS\include\s__codecvt.h
Unpacking C:\Users\user\Desktop\ti-cgt-c2000_15.12.7.LTS\include\inttypes.h
Unpacking C:\Users\user\Desktop\ti-cgt-c2000_15.12.7.LTS\include\strings.h
Unpacking C:\Users\user\Desktop\ti-cgt-c2000_15.12.7.LTS\include\csignal
Unpacking C:\Users\user\Desktop\ti-cgt-c2000_15.12.7.LTS\include\s__limits.h
Unpacking C:\Users\user\Desktop\ti-cgt-c2000_15.12.7.LTS\include\s__unordered_map.h
Unpacking C:\Users\user\Desktop\ti-cgt-c2000_15.12.7.LTS\include\s__numpunct.h
Unpacking C:\Users\user\Desktop\ti-cgt-c2000_15.12.7.LTS\include\s__num_put.c
Unpacking C:\Users\user\Desktop\ti-cgt-c2000_15.12.7.LTS\include\s_c_compat.h
Unpacking C:\Users\user\Desktop\ti-cgt-c2000_15.12.7.LTS\include\cwctype
Unpacking C:\Users\user\Desktop\ti-cgt-c2000_15.12.7.LTS\include\ctype.h
Unpacking C:\Users\user\Desktop\ti-cgt-c2000_15.12.7.LTS\include\s__stlport_version.h
Unpacking C:\Users\user\Desktop\ti-cgt-c2000_15.12.7.LTS\include\s__uninitialized.h
Unpacking C:\Users\user\Desktop\ti-cgt-c2000_15.12.7.LTS\include\stdlib.h
Unpacking C:\Users\user\Desktop\ti-cgt-c2000_15.12.7.LTS\include\s_c_stl_confix.h
Unpacking C:\Users\user\Desktop\ti-cgt-c2000_15.12.7.LTS\include\s__move_construct_fwk.h
Unpacking C:\Users\user\Desktop\ti-cgt-c2000_15.12.7.LTS\include\s__time_facets.h
Unpacking C:\Users\user\Desktop\ti-cgt-c2000_15.12.7.LTS\include\e_typeinfo
Unpacking C:\Users\user\Desktop\ti-cgt-c2000_15.12.7.LTS\include\climits
Unpacking C:\Users\user\Desktop\ti-cgt-c2000_15.12.7.LTS\include\cstdlib
Unpacking C:\Users\user\Desktop\ti-cgt-c2000_15.12.7.LTS\include\s__cstdio.h
Unpacking C:\Users\user\Desktop\ti-cgt-c2000_15.12.7.LTS\include\wctype.h
Unpacking C:\Users\user\Desktop\ti-cgt-c2000_15.12.7.LTS\include\set
Unpacking C:\Users\user\Desktop\ti-cgt-c2000_15.12.7.LTS\include\_pthread.h
Unpacking C:\Users\user\Desktop\ti-cgt-c2000_15.12.7.LTS\include\s__sstream.h
Unpacking C:\Users\user\Desktop\ti-cgt-c2000_15.12.7.LTS\include\memory
Unpacking C:\Users\user\Desktop\ti-cgt-c2000_15.12.7.LTS\include\bitset
Unpacking C:\Users\user\Desktop\ti-cgt-c2000_15.12.7.LTS\include\trgdrv.h
Unpacking C:\Users\user\Desktop\ti-cgt-c2000_15.12.7.LTS\include\limits.h
Unpacking C:\Users\user\Desktop\ti-cgt-c2000_15.12.7.LTS\include\s__valarray.c
Unpacking C:\Users\user\Desktop\ti-cgt-c2000_15.12.7.LTS\include\cmath
Unpacking C:\Users\user\Desktop\ti-cgt-c2000_15.12.7.LTS\include\s__bitset.h
Unpacking C:\Users\user\Desktop\ti-cgt-c2000_15.12.7.LTS\include\s__string_fwd.h
Unpacking C:\Users\user\Desktop\ti-cgt-c2000_15.12.7.LTS\include\s__iterator_old.h
Unpacking C:\Users\user\Desktop\ti-cgt-c2000_15.12.7.LTS\include\cstdarg
Unpacking C:\Users\user\Desktop\ti-cgt-c2000_15.12.7.LTS\include\s__fstream.h
Unpacking C:\Users\user\Desktop\ti-cgt-c2000_15.12.7.LTS\include\s__threads.c
Unpacking C:\Users\user\Desktop\ti-cgt-c2000_15.12.7.LTS\include\s__function.h
Unpacking C:\Users\user\Desktop\ti-cgt-c2000_15.12.7.LTS\include\ctime
Unpacking C:\Users\user\Desktop\ti-cgt-c2000_15.12.7.LTS\include\s__epilog.h
Unpacking C:\Users\user\Desktop\ti-cgt-c2000_15.12.7.LTS\include\s_c_locale.h
Unpacking C:\Users\user\Desktop\ti-cgt-c2000_15.12.7.LTS\include\s__stdexcept_base.c
Unpacking C:\Users\user\Desktop\ti-cgt-c2000_15.12.7.LTS\include\cstring
Unpacking C:\Users\user\Desktop\ti-cgt-c2000_15.12.7.LTS\include\s__collate.h
Unpacking C:\Users\user\Desktop\ti-cgt-c2000_15.12.7.LTS\include\type_traits
Unpacking C:\Users\user\Desktop\ti-cgt-c2000_15.12.7.LTS\include\stack
Unpacking C:\Users\user\Desktop\ti-cgt-c2000_15.12.7.LTS\include\complex.h
Unpacking C:\Users\user\Desktop\ti-cgt-c2000_15.12.7.LTS\include\clocale
Unpacking C:\Users\user\Desktop\ti-cgt-c2000_15.12.7.LTS\include\s__bvector.h
Unpacking C:\Users\user\Desktop\ti-cgt-c2000_15.12.7.LTS\include\s__range_errors.h
Unpacking C:\Users\user\Desktop\ti-cgt-c2000_15.12.7.LTS\include\queue
Unpacking C:\Users\user\Desktop\ti-cgt-c2000_15.12.7.LTS\include\s__istream.h
Unpacking C:\Users\user\Desktop\ti-cgt-c2000_15.12.7.LTS\include\s__mbstate_t.h
Unpacking C:\Users\user\Desktop\ti-cgt-c2000_15.12.7.LTS\include\ios
Unpacking C:\Users\user\Desktop\ti-cgt-c2000_15.12.7.LTS\include\s__string.h
Unpacking C:\Users\user\Desktop\ti-cgt-c2000_15.12.7.LTS\include\s__stack.h
Unpacking C:\Users\user\Desktop\ti-cgt-c2000_15.12.7.LTS\include\unordered_set
Unpacking C:\Users\user\Desktop\ti-cgt-c2000_15.12.7.LTS\include\iterator
Unpacking C:\Users\user\Desktop\ti-cgt-c2000_15.12.7.LTS\include\boot_hooks.h
Unpacking C:\Users\user\Desktop\ti-cgt-c2000_15.12.7.LTS\include\s__num_put.h
Unpacking C:\Users\user\Desktop\ti-cgt-c2000_15.12.7.LTS\include\s__slist_base.c
Unpacking C:\Users\user\Desktop\ti-cgt-c2000_15.12.7.LTS\include\s__typeinfo.h
Unpacking C:\Users\user\Desktop\ti-cgt-c2000_15.12.7.LTS\include\istream
Unpacking C:\Users\user\Desktop\ti-cgt-c2000_15.12.7.LTS\include\s_c__prolog.h
Unpacking C:\Users\user\Desktop\ti-cgt-c2000_15.12.7.LTS\include\s__ios.h
Unpacking C:\Users\user\Desktop\ti-cgt-c2000_15.12.7.LTS\include\e_new
Unpacking C:\Users\user\Desktop\ti-cgt-c2000_15.12.7.LTS\include\stdexcept
Unpacking C:\Users\user\Desktop\ti-cgt-c2000_15.12.7.LTS\include\s__string_operators.h
Unpacking C:\Users\user\Desktop\ti-cgt-c2000_15.12.7.LTS\include\s__csignal.h
Unpacking C:\Users\user\Desktop\ti-cgt-c2000_15.12.7.LTS\include\s__deque.c
Unpacking C:\Users\user\Desktop\ti-cgt-c2000_15.12.7.LTS\include\s__num_get.c
Unpacking C:\Users\user\Desktop\ti-cgt-c2000_15.12.7.LTS\include\s__limits.c
Unpacking C:\Users\user\Desktop\ti-cgt-c2000_15.12.7.LTS\include\s__cstdarg.h
Unpacking C:\Users\user\Desktop\ti-cgt-c2000_15.12.7.LTS\include\s__numeric.h
Unpacking C:\Users\user\Desktop\ti-cgt-c2000_15.12.7.LTS\include\s__string_sum.h
Unpacking C:\Users\user\Desktop\ti-cgt-c2000_15.12.7.LTS\include\s__carray.h
Unpacking C:\Users\user\Desktop\ti-cgt-c2000_15.12.7.LTS\include\s__new.h
Unpacking C:\Users\user\Desktop\ti-cgt-c2000_15.12.7.LTS\include\s__function_base.h
Unpacking C:\Users\user\Desktop\ti-cgt-c2000_15.12.7.LTS\include\cpy_tbl.h
Unpacking C:\Users\user\Desktop\ti-cgt-c2000_15.12.7.LTS\include\s__slist.h
Unpacking C:\Users\user\Desktop\ti-cgt-c2000_15.12.7.LTS\include\s__istream.c
Unpacking C:\Users\user\Desktop\ti-cgt-c2000_15.12.7.LTS\include\assert.h
Unpacking C:\Users\user\Desktop\ti-cgt-c2000_15.12.7.LTS\include\s__string_io.h
Unpacking C:\Users\user\Desktop\ti-cgt-c2000_15.12.7.LTS\include\csetjmp
Unpacking C:\Users\user\Desktop\ti-cgt-c2000_15.12.7.LTS\include\iso646.h
Unpacking C:\Users\user\Desktop\ti-cgt-c2000_15.12.7.LTS\include\s__hash_set.h
Unpacking C:\Users\user\Desktop\ti-cgt-c2000_15.12.7.LTS\include\s__cprolog.h
Unpacking C:\Users\user\Desktop\ti-cgt-c2000_15.12.7.LTS\include\numeric
Unpacking C:\Users\user\Desktop\ti-cgt-c2000_15.12.7.LTS\include\s__alloc.h
Unpacking C:\Users\user\Desktop\ti-cgt-c2000_15.12.7.LTS\include\s__ostream.h
Unpacking C:\Users\user\Desktop\ti-cgt-c2000_15.12.7.LTS\include\s__cstddef.h
Unpacking C:\Users\user\Desktop\ti-cgt-c2000_15.12.7.LTS\include\s__sstream.c
Unpacking C:\Users\user\Desktop\ti-cgt-c2000_15.12.7.LTS\include\deque
Unpacking C:\Users\user\Desktop\ti-cgt-c2000_15.12.7.LTS\include\s__construct.h
Unpacking C:\Users\user\Desktop\ti-cgt-c2000_15.12.7.LTS\include\s__string_io.c
Unpacking C:\Users\user\Desktop\ti-cgt-c2000_15.12.7.LTS\include\s__cwchar.h
Unpacking C:\Users\user\Desktop\ti-cgt-c2000_15.12.7.LTS\include\s__monetary.c
Unpacking C:\Users\user\Desktop\ti-cgt-c2000_15.12.7.LTS\include\iomanip
Unpacking C:\Users\user\Desktop\ti-cgt-c2000_15.12.7.LTS\include\e_exception
Unpacking C:\Users\user\Desktop\ti-cgt-c2000_15.12.7.LTS\include\s__range_errors.c
Unpacking C:\Users\user\Desktop\ti-cgt-c2000_15.12.7.LTS\include\s__string.c
Unpacking C:\Users\user\Desktop\ti-cgt-c2000_15.12.7.LTS\include\s__algobase.c
Unpacking C:\Users\user\Desktop\ti-cgt-c2000_15.12.7.LTS\include\s__csetjmp.h
Unpacking C:\Users\user\Desktop\ti-cgt-c2000_15.12.7.LTS\include\s__vector.h
Unpacking C:\Users\user\Desktop\ti-cgt-c2000_15.12.7.LTS\include\s__pthread_alloc.h
Unpacking C:\Users\user\Desktop\ti-cgt-c2000_15.12.7.LTS\include\cstddef
Unpacking C:\Users\user\Desktop\ti-cgt-c2000_15.12.7.LTS\include\s__cstdlib.h
Unpacking C:\Users\user\Desktop\ti-cgt-c2000_15.12.7.LTS\include\_isfuncdcl.h
Unpacking C:\Users\user\Desktop\ti-cgt-c2000_15.12.7.LTS\include\s__ptrs_specialize.h
Unpacking C:\Users\user\Desktop\ti-cgt-c2000_15.12.7.LTS\include\crc_defines.h
Unpacking C:\Users\user\Desktop\ti-cgt-c2000_15.12.7.LTS\include\_reg_synch_api.h
Unpacking C:\Users\user\Desktop\ti-cgt-c2000_15.12.7.LTS\include\s__algobase.h
Unpacking C:\Users\user\Desktop\ti-cgt-c2000_15.12.7.LTS\include\list
Unpacking C:\Users\user\Desktop\ti-cgt-c2000_15.12.7.LTS\include\cassert
Unpacking C:\Users\user\Desktop\ti-cgt-c2000_15.12.7.LTS\include\s_type_traits.h
Unpacking C:\Users\user\Desktop\ti-cgt-c2000_15.12.7.LTS\include\s__complex.h
Unpacking C:\Users\user\Desktop\ti-cgt-c2000_15.12.7.LTS\include\valarray
Unpacking C:\Users\user\Desktop\ti-cgt-c2000_15.12.7.LTS\include\s__locale.h
Unpacking C:\Users\user\Desktop\ti-cgt-c2000_15.12.7.LTS\include\stdint.h
Unpacking C:\Users\user\Desktop\ti-cgt-c2000_15.12.7.LTS\include\lowlev.h
Unpacking C:\Users\user\Desktop\ti-cgt-c2000_15.12.7.LTS\include\s__vector.c
Unpacking C:\Users\user\Desktop\ti-cgt-c2000_15.12.7.LTS\include\crc_tbl.h
Unpacking C:\Users\user\Desktop\ti-cgt-c2000_15.12.7.LTS\include\s__iomanip.h
Unpacking C:\Users\user\Desktop\ti-cgt-c2000_15.12.7.LTS\include\s__streambuf.c
Unpacking C:\Users\user\Desktop\ti-cgt-c2000_15.12.7.LTS\include\s__bitset.c
Unpacking C:\Users\user\Desktop\ti-cgt-c2000_15.12.7.LTS\include\s__tempbuf.h
Unpacking C:\Users\user\Desktop\ti-cgt-c2000_15.12.7.LTS\include\s__facets_fwd.h
Unpacking C:\Users\user\Desktop\ti-cgt-c2000_15.12.7.LTS\include\s__cstring.h
Unpacking C:\Users\user\Desktop\ti-cgt-c2000_15.12.7.LTS\include\string
Unpacking C:\Users\user\Desktop\ti-cgt-c2000_15.12.7.LTS\include\s__messages_facets.h
Unpacking C:\Users\user\Desktop\ti-cgt-c2000_15.12.7.LTS\include\s__ioserr.h
Unpacking C:\Users\user\Desktop\ti-cgt-c2000_15.12.7.LTS\include\s__ctype.h
Unpacking C:\Users\user\Desktop\ti-cgt-c2000_15.12.7.LTS\include\s__prolog.h
Unpacking C:\Users\user\Desktop\ti-cgt-c2000_15.12.7.LTS\include\functional
Unpacking C:\Users\user\Desktop\ti-cgt-c2000_15.12.7.LTS\include\s__relops_cont.h
Unpacking C:\Users\user\Desktop\ti-cgt-c2000_15.12.7.LTS\include\_tls.h
Unpacking C:\Users\user\Desktop\ti-cgt-c2000_15.12.7.LTS\include\s__tree.h
Unpacking C:\Users\user\Desktop\ti-cgt-c2000_15.12.7.LTS\include\_lock.h
Unpacking C:\Users\user\Desktop\ti-cgt-c2000_15.12.7.LTS\include\s__stream_iterator.h
Unpacking C:\Users\user\Desktop\ti-cgt-c2000_15.12.7.LTS\include\s__tempbuf.c
Unpacking C:\Users\user\Desktop\ti-cgt-c2000_15.12.7.LTS\include\s_boost_type_traits.h
Unpacking C:\Users\user\Desktop\ti-cgt-c2000_15.12.7.LTS\include\stdio.h
Unpacking C:\Users\user\Desktop\ti-cgt-c2000_15.12.7.LTS\include\stdlibf.h
Unpacking C:\Users\user\Desktop\ti-cgt-c2000_15.12.7.LTS\include\setjmp.h
Unpacking C:\Users\user\Desktop\ti-cgt-c2000_15.12.7.LTS\include\s__string_base.h
Unpacking C:\Users\user\Desktop\ti-cgt-c2000_15.12.7.LTS\include\s__hash_fun.h
Unpacking C:\Users\user\Desktop\ti-cgt-c2000_15.12.7.LTS\include\rope
Unpacking C:\Users\user\Desktop\ti-cgt-c2000_15.12.7.LTS\include\s_p__tools.h
Unpacking C:\Users\user\Desktop\ti-cgt-c2000_15.12.7.LTS\include\s__rope.c
Unpacking C:\Users\user\Desktop\ti-cgt-c2000_15.12.7.LTS\include\s_c__ti.h
Unpacking C:\Users\user\Desktop\ti-cgt-c2000_15.12.7.LTS\include\s__heap.h
Unpacking C:\Users\user\Desktop\ti-cgt-c2000_15.12.7.LTS\include\stdarg.h
Unpacking C:\Users\user\Desktop\ti-cgt-c2000_15.12.7.LTS\include\s_c_user_config.h
Unpacking C:\Users\user\Desktop\ti-cgt-c2000_15.12.7.LTS\include\s__valarray.h
Unpacking C:\Users\user\Desktop\ti-cgt-c2000_15.12.7.LTS\include\math.h
Unpacking C:\Users\user\Desktop\ti-cgt-c2000_15.12.7.LTS\include\_fmt_specifier.h
Unpacking C:\Users\user\Desktop\ti-cgt-c2000_15.12.7.LTS\include\s_p__slist.h
Unpacking C:\Users\user\Desktop\ti-cgt-c2000_15.12.7.LTS\include\s__hash_map.h
Unpacking C:\Users\user\Desktop\ti-cgt-c2000_15.12.7.LTS\include\_reg_mutex_api.h
Unpacking C:\Users\user\Desktop\ti-cgt-c2000_15.12.7.LTS\include\s__queue.h
Unpacking C:\Users\user\Desktop\ti-cgt-c2000_15.12.7.LTS\include\errno.h
Unpacking C:\Users\user\Desktop\ti-cgt-c2000_15.12.7.LTS\include\_data_synch.h
Unpacking C:\Users\user\Desktop\ti-cgt-c2000_15.12.7.LTS\include\limits
Unpacking C:\Users\user\Desktop\ti-cgt-c2000_15.12.7.LTS\include\s__algo.c
Unpacking C:\Users\user\Desktop\ti-cgt-c2000_15.12.7.LTS\include\sstream
Unpacking C:\Users\user\Desktop\ti-cgt-c2000_15.12.7.LTS\include\locale.h
Unpacking C:\Users\user\Desktop\ti-cgt-c2000_15.12.7.LTS\include\s_p__deque.h
Unpacking C:\Users\user\Desktop\ti-cgt-c2000_15.12.7.LTS\include\s__list.c
Unpacking C:\Users\user\Desktop\ti-cgt-c2000_15.12.7.LTS\include\s__set.h
Unpacking C:\Users\user\Desktop\ti-cgt-c2000_15.12.7.LTS\include\cpp_inline_math.h
Unpacking C:\Users\user\Desktop\ti-cgt-c2000_15.12.7.LTS\include\s_type_manips.h
Unpacking C:\Users\user\Desktop\ti-cgt-c2000_15.12.7.LTS\include\s__clocale.h
Unpacking C:\Users\user\Desktop\ti-cgt-c2000_15.12.7.LTS\include\s__ostreambuf_iterator.h
Unpacking C:\Users\user\Desktop\ti-cgt-c2000_15.12.7.LTS\include\strstream
Unpacking C:\Users\user\Desktop\ti-cgt-c2000_15.12.7.LTS\include\s__iostream_string.h
Unpacking C:\Users\user\Desktop\ti-cgt-c2000_15.12.7.LTS\include\_mutex.h
Unpacking C:\Users\user\Desktop\ti-cgt-c2000_15.12.7.LTS\include\s__time_facets.c
Unpacking C:\Users\user\Desktop\ti-cgt-c2000_15.12.7.LTS\include\s_c__epilog.h
Unpacking C:\Users\user\Desktop\ti-cgt-c2000_15.12.7.LTS\include\s__istreambuf_iterator.h
Unpacking C:\Users\user\Desktop\ti-cgt-c2000_15.12.7.LTS\include\s__auto_ptr.h
Unpacking C:\Users\user\Desktop\ti-cgt-c2000_15.12.7.LTS\include\s_c__system.h
Unpacking C:\Users\user\Desktop\ti-cgt-c2000_15.12.7.LTS\include\cctype
Unpacking C:\Users\user\Desktop\ti-cgt-c2000_15.12.7.LTS\include\s__ostream.c
Unpacking C:\Users\user\Desktop\ti-cgt-c2000_15.12.7.LTS\include\s_p__vector.h
Unpacking C:\Users\user\Desktop\ti-cgt-c2000_15.12.7.LTS\include\s__numeric.c
Unpacking C:\Users\user\Desktop\ti-cgt-c2000_15.12.7.LTS\include\ostream
Unpacking C:\Users\user\Desktop\ti-cgt-c2000_15.12.7.LTS\bin\strip2000.exe
Unpacking C:\Users\user\Desktop\ti-cgt-c2000_15.12.7.LTS\bin\opt2000.exe
Unpacking C:\Users\user\Desktop\ti-cgt-c2000_15.12.7.LTS\bin\accla.exe
Unpacking C:\Users\user\Desktop\ti-cgt-c2000_15.12.7.LTS\bin\adv2000.exe
Unpacking C:\Users\user\Desktop\ti-cgt-c2000_15.12.7.LTS\bin\plink2000.exe
Unpacking C:\Users\user\Desktop\ti-cgt-c2000_15.12.7.LTS\bin\hex2000.exe
Unpacking C:\Users\user\Desktop\ti-cgt-c2000_15.12.7.LTS\bin\libinfo2000.exe
Unpacking C:\Users\user\Desktop\ti-cgt-c2000_15.12.7.LTS\bin\cgcla.exe
Unpacking C:\Users\user\Desktop\ti-cgt-c2000_15.12.7.LTS\bin\pdd2000.exe
Unpacking C:\Users\user\Desktop\ti-cgt-c2000_15.12.7.LTS\bin\nm2000.exe
Unpacking C:\Users\user\Desktop\ti-cgt-c2000_15.12.7.LTS\bin\acia2000.exe
Unpacking C:\Users\user\Desktop\ti-cgt-c2000_15.12.7.LTS\bin\ilk2000.exe
Unpacking C:\Users\user\Desktop\ti-cgt-c2000_15.12.7.LTS\bin\cl2000.exe
Unpacking C:\Users\user\Desktop\ti-cgt-c2000_15.12.7.LTS\bin\optcla.exe
Unpacking C:\Users\user\Desktop\ti-cgt-c2000_15.12.7.LTS\bin\asm2000.exe
Unpacking C:\Users\user\Desktop\ti-cgt-c2000_15.12.7.LTS\bin\ofd2000.exe
Unpacking C:\Users\user\Desktop\ti-cgt-c2000_15.12.7.LTS\bin\dis2000.exe
Unpacking C:\Users\user\Desktop\ti-cgt-c2000_15.12.7.LTS\bin\embed2000.exe
Unpacking C:\Users\user\Desktop\ti-cgt-c2000_15.12.7.LTS\bin\clist2000.exe
Unpacking C:\Users\user\Desktop\ti-cgt-c2000_15.12.7.LTS\bin\abs2000.exe
Unpacking C:\Users\user\Desktop\ti-cgt-c2000_15.12.7.LTS\bin\xref2000.exe
Unpacking C:\Users\user\Desktop\ti-cgt-c2000_15.12.7.LTS\bin\lnk2000.exe
Unpacking C:\Users\user\Desktop\ti-cgt-c2000_15.12.7.LTS\bin\ar2000.exe
Unpacking C:\Users\user\Desktop\ti-cgt-c2000_15.12.7.LTS\bin\cg2000.exe
Unpacking C:\Users\user\Desktop\ti-cgt-c2000_15.12.7.LTS\bin\pprof2000.exe
Unpacking C:\Users\user\Desktop\ti-cgt-c2000_15.12.7.LTS\bin\ac2000.exe
Unpacking C:\Users\user\Desktop\ti-cgt-c2000_15.12.7.LTS\bin\dem2000.exe
Creating Uninstaller
Creating uninstaller 25%
Creating uninstaller 50%
Creating uninstaller 75%
Creating uninstaller 100%
Installation completed
Log finished 03/22/2018 at 01:03:00
